#
# There is insufficient memory for the Java Runtime Environment to continue.
# Native memory allocation (malloc) failed to allocate 1947984 bytes for Chunk::new
# Possible reasons:
#   The system is out of physical RAM or swap space
#   The process is running with CompressedOops enabled, and the Java Heap may be blocking the growth of the native heap
# Possible solutions:
#   Reduce memory load on the system
#   Increase physical memory or swap space
#   Check if swap backing store is full
#   Decrease Java heap size (-Xmx/-Xms)
#   Decrease number of Java threads
#   Decrease Java thread stack sizes (-Xss)
#   Set larger code cache with -XX:ReservedCodeCacheSize=
#   JVM is running with Unscaled Compressed Oops mode in which the Java heap is
#     placed in the first 4GB address space. The Java Heap base address is the
#     maximum limit for the native heap growth. Please use -XX:HeapBaseMinAddress
#     to set the Java Heap base and to place the Java Heap above 4GB virtual address.
# This output file may be truncated or incomplete.
#
#  Out of Memory Error (arena.cpp:189), pid=42932, tid=11448
#
# JRE version: OpenJDK Runtime Environment Temurin-17+35 (17.0+35) (build 17+35)
# Java VM: OpenJDK 64-Bit Server VM Temurin-17+35 (17+35, mixed mode, tiered, compressed oops, compressed class ptrs, g1 gc, windows-amd64)
# Core dump will be written. Default location: C:\Users\rahul.chadha\Desktop\EclipseWorkspace\CCPA_project\hs_err_pid42932.mdmp
#

---------------  S U M M A R Y ------------

Command Line: C:\Users\rahul.chadha\AppData\Local\Temp\5\surefire11763053453458474768\surefirebooter1115705826709751821.jar C:\Users\rahul.chadha\AppData\Local\Temp\5\surefire11763053453458474768 2021-11-18T08-01-01_662-jvmRun1 surefire1489894665098721166tmp surefire_010193127592184650747tmp

Host: Intel(R) Xeon(R) Platinum 8175M CPU @ 2.50GHz, 2 cores, 7G,  Windows Server 2019 , 64 bit Build 17763 (10.0.17763.1158)
Time: Thu Nov 18 08:04:07 2021 Coordinated Universal Time elapsed time: 184.742105 seconds (0d 0h 3m 4s)

---------------  T H R E A D  ---------------

Current thread (0x0000026c5d40bd40):  JavaThread "C2 CompilerThread0" daemon [_thread_in_native, id=11448, stack(0x0000009aa8e00000,0x0000009aa8f00000)]


Current CompileTask:
C2: 184742 4552   !   4       jdk.internal.loader.BuiltinClassLoader::loadClassOrNull (143 bytes)

Stack: [0x0000009aa8e00000,0x0000009aa8f00000]
Native frames: (J=compiled Java code, j=interpreted, Vv=VM code, C=native code)
V  [jvm.dll+0x674afa]
V  [jvm.dll+0x82eb44]
V  [jvm.dll+0x8302ee]
V  [jvm.dll+0x830953]
V  [jvm.dll+0x245335]
V  [jvm.dll+0xab52b]
V  [jvm.dll+0xababc]
V  [jvm.dll+0x3632f7]
V  [jvm.dll+0x32d6c1]
V  [jvm.dll+0x32cb6a]
V  [jvm.dll+0x2181f1]
V  [jvm.dll+0x217611]
V  [jvm.dll+0x1a356d]
V  [jvm.dll+0x226ff8]
V  [jvm.dll+0x22513c]
V  [jvm.dll+0x7e47fb]
V  [jvm.dll+0x7dedba]
V  [jvm.dll+0x673925]
C  [ucrtbase.dll+0x21ffa]
C  [KERNEL32.DLL+0x17974]
C  [ntdll.dll+0x6a271]


---------------  P R O C E S S  ---------------

Threads class SMR info:
_java_thread_list=0x0000026c60831600, length=18, elements={
0x0000026c4383e780, 0x0000026c5ca0de10, 0x0000026c5ca0ea90, 0x0000026c5ca7f430,
0x0000026c5ca80e00, 0x0000026c5ca817c0, 0x0000026c5d40b480, 0x0000026c5d40bd40,
0x0000026c5d40c6f0, 0x0000026c5d46ded0, 0x0000026c5d573870, 0x0000026c5d57c000,
0x0000026c5df6b3f0, 0x0000026c5e8d8660, 0x0000026c5e8d9000, 0x0000026c5e5ccd30,
0x0000026c5e5cb9f0, 0x0000026c5e5cbec0
}

Java Threads: ( => current thread )
  0x0000026c4383e780 JavaThread "main" [_thread_in_native, id=38320, stack(0x0000009aa8100000,0x0000009aa8200000)]
  0x0000026c5ca0de10 JavaThread "Reference Handler" daemon [_thread_blocked, id=41376, stack(0x0000009aa8800000,0x0000009aa8900000)]
  0x0000026c5ca0ea90 JavaThread "Finalizer" daemon [_thread_blocked, id=36496, stack(0x0000009aa8900000,0x0000009aa8a00000)]
  0x0000026c5ca7f430 JavaThread "Signal Dispatcher" daemon [_thread_blocked, id=40980, stack(0x0000009aa8a00000,0x0000009aa8b00000)]
  0x0000026c5ca80e00 JavaThread "Attach Listener" daemon [_thread_blocked, id=41120, stack(0x0000009aa8b00000,0x0000009aa8c00000)]
  0x0000026c5ca817c0 JavaThread "Service Thread" daemon [_thread_blocked, id=42076, stack(0x0000009aa8c00000,0x0000009aa8d00000)]
  0x0000026c5d40b480 JavaThread "Monitor Deflation Thread" daemon [_thread_blocked, id=42460, stack(0x0000009aa8d00000,0x0000009aa8e00000)]
=>0x0000026c5d40bd40 JavaThread "C2 CompilerThread0" daemon [_thread_in_native, id=11448, stack(0x0000009aa8e00000,0x0000009aa8f00000)]
  0x0000026c5d40c6f0 JavaThread "C1 CompilerThread0" daemon [_thread_blocked, id=42164, stack(0x0000009aa8f00000,0x0000009aa9000000)]
  0x0000026c5d46ded0 JavaThread "Sweeper thread" daemon [_thread_blocked, id=8064, stack(0x0000009aa9000000,0x0000009aa9100000)]
  0x0000026c5d573870 JavaThread "Notification Thread" daemon [_thread_blocked, id=7500, stack(0x0000009aa9100000,0x0000009aa9200000)]
  0x0000026c5d57c000 JavaThread "Common-Cleaner" daemon [_thread_blocked, id=41192, stack(0x0000009aa9300000,0x0000009aa9400000)]
  0x0000026c5df6b3f0 JavaThread "surefire-forkedjvm-command-thread" daemon [_thread_in_native, id=13064, stack(0x0000009aa9500000,0x0000009aa9600000)]
  0x0000026c5e8d8660 JavaThread "OkHttp ConnectionPool" daemon [_thread_blocked, id=30292, stack(0x0000009aa9c00000,0x0000009aa9d00000)]
  0x0000026c5e8d9000 JavaThread "Okio Watchdog" daemon [_thread_blocked, id=42844, stack(0x0000009aa9d00000,0x0000009aa9e00000)]
  0x0000026c5e5ccd30 JavaThread "Exec Default Executor" daemon [_thread_in_native, id=40080, stack(0x0000009aa8000000,0x0000009aa8100000)]
  0x0000026c5e5cb9f0 JavaThread "Exec Stream Pumper" daemon [_thread_in_native, id=32596, stack(0x0000009aa9700000,0x0000009aa9800000)]
  0x0000026c5e5cbec0 JavaThread "Exec Stream Pumper" daemon [_thread_in_native, id=41624, stack(0x0000009aa9900000,0x0000009aa9a00000)]

Other Threads:
  0x0000026c5c9cd5d0 VMThread "VM Thread" [stack: 0x0000009aa8700000,0x0000009aa8800000] [id=29280]
  0x0000026c5d575d50 WatcherThread [stack: 0x0000009aa9200000,0x0000009aa9300000] [id=37032]
  0x0000026c4387c170 GCTaskThread "GC Thread#0" [stack: 0x0000009aa8200000,0x0000009aa8300000] [id=40620]
  0x0000026c5d6b8150 GCTaskThread "GC Thread#1" [stack: 0x0000009aa9400000,0x0000009aa9500000] [id=20556]
  0x0000026c4388dcd0 ConcurrentGCThread "G1 Main Marker" [stack: 0x0000009aa8300000,0x0000009aa8400000] [id=42236]
  0x0000026c4388f670 ConcurrentGCThread "G1 Conc#0" [stack: 0x0000009aa8400000,0x0000009aa8500000] [id=42624]
  0x0000026c438fbf00 ConcurrentGCThread "G1 Refine#0" [stack: 0x0000009aa8500000,0x0000009aa8600000] [id=42872]
  0x0000026c438fc8a0 ConcurrentGCThread "G1 Service" [stack: 0x0000009aa8600000,0x0000009aa8700000] [id=27040]

Threads with active compile tasks:
C2 CompilerThread0   184782 4552   !   4       jdk.internal.loader.BuiltinClassLoader::loadClassOrNull (143 bytes)

VM state: not at safepoint (normal execution)

VM Mutex/Monitor currently owned by a thread: None

Heap address: 0x0000000081800000, size: 2024 MB, Compressed Oops mode: 32-bit

CDS archive(s) not mapped
Compressed class space mapped at: 0x0000000100000000-0x0000000140000000, reserved size: 1073741824
Narrow klass base: 0x0000000000000000, Narrow klass shift: 3, Narrow klass range: 0x140000000

GC Precious Log:
 CPUs: 2 total, 2 available
 Memory: 8089M
 Large Page Support: Disabled
 NUMA Support: Disabled
 Compressed Oops: Enabled (32-bit)
 Heap Region Size: 1M
 Heap Min Capacity: 8M
 Heap Initial Capacity: 128M
 Heap Max Capacity: 2024M
 Pre-touch: Disabled
 Parallel Workers: 2
 Concurrent Workers: 1
 Concurrent Refinement Workers: 2
 Periodic GC: Disabled

Heap:
 garbage-first heap   total 48128K, used 21447K [0x0000000081800000, 0x0000000100000000)
  region size 1024K, 5 young (5120K), 2 survivors (2048K)
 Metaspace       used 37696K, committed 38016K, reserved 1089536K
  class space    used 4178K, committed 4352K, reserved 1048576K

Heap Regions: E=young(eden), S=young(survivor), O=old, HS=humongous(starts), HC=humongous(continues), CS=collection set, F=free, OA=open archive, CA=closed archive, TAMS=top-at-mark-start (previous, next)
|   0|0x0000000081800000, 0x0000000081900000, 0x0000000081900000|100%|HS|  |TAMS 0x0000000081900000, 0x0000000081800000| Complete 
|   1|0x0000000081900000, 0x0000000081a00000, 0x0000000081a00000|100%| O|  |TAMS 0x0000000081a00000, 0x0000000081900000| Untracked 
|   2|0x0000000081a00000, 0x0000000081b00000, 0x0000000081b00000|100%| O|  |TAMS 0x0000000081b00000, 0x0000000081a00000| Untracked 
|   3|0x0000000081b00000, 0x0000000081c00000, 0x0000000081c00000|100%| O|  |TAMS 0x0000000081c00000, 0x0000000081b00000| Untracked 
|   4|0x0000000081c00000, 0x0000000081d00000, 0x0000000081d00000|100%| O|  |TAMS 0x0000000081d00000, 0x0000000081c00000| Untracked 
|   5|0x0000000081d00000, 0x0000000081e00000, 0x0000000081e00000|100%| O|  |TAMS 0x0000000081e00000, 0x0000000081d00000| Untracked 
|   6|0x0000000081e00000, 0x0000000081f00000, 0x0000000081f00000|100%| O|  |TAMS 0x0000000081f00000, 0x0000000081e00000| Untracked 
|   7|0x0000000081f00000, 0x0000000081f87200, 0x0000000082000000| 52%| O|  |TAMS 0x0000000081f87200, 0x0000000081f00000| Untracked 
|   8|0x0000000082000000, 0x0000000082100000, 0x0000000082100000|100%| O|  |TAMS 0x0000000082100000, 0x0000000082000000| Untracked 
|   9|0x0000000082100000, 0x0000000082200000, 0x0000000082200000|100%| O|  |TAMS 0x0000000082200000, 0x0000000082100000| Untracked 
|  10|0x0000000082200000, 0x0000000082300000, 0x0000000082300000|100%| O|  |TAMS 0x0000000082300000, 0x0000000082200000| Untracked 
|  11|0x0000000082300000, 0x0000000082400000, 0x0000000082400000|100%| O|  |TAMS 0x0000000082400000, 0x0000000082300000| Untracked 
|  12|0x0000000082400000, 0x0000000082500000, 0x0000000082500000|100%| O|  |TAMS 0x0000000082500000, 0x0000000082400000| Untracked 
|  13|0x0000000082500000, 0x0000000082600000, 0x0000000082600000|100%| O|  |TAMS 0x0000000082600000, 0x0000000082500000| Untracked 
|  14|0x0000000082600000, 0x0000000082700000, 0x0000000082700000|100%| O|  |TAMS 0x0000000082700000, 0x0000000082600000| Untracked 
|  15|0x0000000082700000, 0x0000000082800000, 0x0000000082800000|100%| O|  |TAMS 0x0000000082800000, 0x0000000082700000| Untracked 
|  16|0x0000000082800000, 0x0000000082900000, 0x0000000082900000|100%| O|  |TAMS 0x0000000082900000, 0x0000000082800000| Untracked 
|  17|0x0000000082900000, 0x00000000829cae00, 0x0000000082a00000| 79%| O|  |TAMS 0x00000000829cae00, 0x0000000082900000| Untracked 
|  18|0x0000000082a00000, 0x0000000082a00000, 0x0000000082b00000|  0%| F|  |TAMS 0x0000000082a00000, 0x0000000082a00000| Untracked 
|  19|0x0000000082b00000, 0x0000000082b00000, 0x0000000082c00000|  0%| F|  |TAMS 0x0000000082b00000, 0x0000000082b00000| Untracked 
|  20|0x0000000082c00000, 0x0000000082c00000, 0x0000000082d00000|  0%| F|  |TAMS 0x0000000082c00000, 0x0000000082c00000| Untracked 
|  21|0x0000000082d00000, 0x0000000082d00000, 0x0000000082e00000|  0%| F|  |TAMS 0x0000000082d00000, 0x0000000082d00000| Untracked 
|  22|0x0000000082e00000, 0x0000000082e00000, 0x0000000082f00000|  0%| F|  |TAMS 0x0000000082e00000, 0x0000000082e00000| Untracked 
|  23|0x0000000082f00000, 0x0000000082f9ffd0, 0x0000000083000000| 62%| S|CS|TAMS 0x0000000082f00000, 0x0000000082f00000| Complete 
|  24|0x0000000083000000, 0x0000000083100000, 0x0000000083100000|100%| S|CS|TAMS 0x0000000083000000, 0x0000000083000000| Complete 
|  25|0x0000000083100000, 0x0000000083100000, 0x0000000083200000|  0%| F|  |TAMS 0x0000000083100000, 0x0000000083100000| Untracked 
|  26|0x0000000083200000, 0x0000000083200000, 0x0000000083300000|  0%| F|  |TAMS 0x0000000083200000, 0x0000000083200000| Untracked 
|  27|0x0000000083300000, 0x0000000083300000, 0x0000000083400000|  0%| F|  |TAMS 0x0000000083300000, 0x0000000083300000| Untracked 
|  28|0x0000000083400000, 0x0000000083400000, 0x0000000083500000|  0%| F|  |TAMS 0x0000000083400000, 0x0000000083400000| Untracked 
|  29|0x0000000083500000, 0x0000000083500000, 0x0000000083600000|  0%| F|  |TAMS 0x0000000083500000, 0x0000000083500000| Untracked 
|  30|0x0000000083600000, 0x0000000083600000, 0x0000000083700000|  0%| F|  |TAMS 0x0000000083600000, 0x0000000083600000| Untracked 
|  31|0x0000000083700000, 0x0000000083700000, 0x0000000083800000|  0%| F|  |TAMS 0x0000000083700000, 0x0000000083700000| Untracked 
|  32|0x0000000083800000, 0x0000000083800000, 0x0000000083900000|  0%| F|  |TAMS 0x0000000083800000, 0x0000000083800000| Untracked 
|  33|0x0000000083900000, 0x0000000083900000, 0x0000000083a00000|  0%| F|  |TAMS 0x0000000083900000, 0x0000000083900000| Untracked 
|  34|0x0000000083a00000, 0x0000000083a00000, 0x0000000083b00000|  0%| F|  |TAMS 0x0000000083a00000, 0x0000000083a00000| Untracked 
|  35|0x0000000083b00000, 0x0000000083b00000, 0x0000000083c00000|  0%| F|  |TAMS 0x0000000083b00000, 0x0000000083b00000| Untracked 
|  36|0x0000000083c00000, 0x0000000083c00000, 0x0000000083d00000|  0%| F|  |TAMS 0x0000000083c00000, 0x0000000083c00000| Untracked 
|  37|0x0000000083d00000, 0x0000000083d00000, 0x0000000083e00000|  0%| F|  |TAMS 0x0000000083d00000, 0x0000000083d00000| Untracked 
|  38|0x0000000083e00000, 0x0000000083e00000, 0x0000000083f00000|  0%| F|  |TAMS 0x0000000083e00000, 0x0000000083e00000| Untracked 
|  39|0x0000000083f00000, 0x0000000083f00000, 0x0000000084000000|  0%| F|  |TAMS 0x0000000083f00000, 0x0000000083f00000| Untracked 
|  89|0x0000000087100000, 0x0000000087100000, 0x0000000087200000|  0%| F|  |TAMS 0x0000000087100000, 0x0000000087100000| Untracked 
|  90|0x0000000087200000, 0x0000000087200000, 0x0000000087300000|  0%| F|  |TAMS 0x0000000087200000, 0x0000000087200000| Untracked 
|  91|0x0000000087300000, 0x0000000087300000, 0x0000000087400000|  0%| F|  |TAMS 0x0000000087300000, 0x0000000087300000| Untracked 
|  92|0x0000000087400000, 0x0000000087400000, 0x0000000087500000|  0%| F|  |TAMS 0x0000000087400000, 0x0000000087400000| Untracked 
|  93|0x0000000087500000, 0x000000008759e390, 0x0000000087600000| 61%| E|  |TAMS 0x0000000087500000, 0x0000000087500000| Complete 
|  94|0x0000000087600000, 0x0000000087700000, 0x0000000087700000|100%| E|CS|TAMS 0x0000000087600000, 0x0000000087600000| Complete 
| 127|0x0000000089700000, 0x0000000089800000, 0x0000000089800000|100%| E|CS|TAMS 0x0000000089700000, 0x0000000089700000| Complete 

Card table byte_map: [0x0000026c55ee0000,0x0000026c562e0000] _byte_map_base: 0x0000026c55ad4000

Marking Bits (Prev, Next): (CMBitMap*) 0x0000026c4387d6a0, (CMBitMap*) 0x0000026c4387d6e0
 Prev Bits: [0x0000026c566e0000, 0x0000026c58680000)
 Next Bits: [0x0000026c58680000, 0x0000026c5a620000)

Polling page: 0x0000026c417f0000

Metaspace:

Usage:
  Non-class:     32.73 MB used.
      Class:      4.08 MB used.
       Both:     36.81 MB used.

Virtual space:
  Non-class space:       40.00 MB reserved,      32.88 MB ( 82%) committed,  5 nodes.
      Class space:        1.00 GB reserved,       4.25 MB ( <1%) committed,  1 nodes.
             Both:        1.04 GB reserved,      37.13 MB (  3%) committed. 

Chunk freelists:
   Non-Class:  2.28 MB
       Class:  3.59 MB
        Both:  5.88 MB

MaxMetaspaceSize: unlimited
CompressedClassSpaceSize: 1.00 GB
Initial GC threshold: 21.00 MB
Current GC threshold: 59.06 MB
CDS: off
MetaspaceReclaimPolicy: balanced
 - commit_granule_bytes: 65536.
 - commit_granule_words: 8192.
 - virtual_space_node_default_size: 1048576.
 - enlarge_chunks_in_place: 1.
 - new_chunks_are_fully_committed: 0.
 - uncommit_free_chunks: 1.
 - use_allocation_guard: 0.
 - handle_deallocations: 1.


Internal statistics:

num_allocs_failed_limit: 6.
num_arena_births: 224.
num_arena_deaths: 0.
num_vsnodes_births: 6.
num_vsnodes_deaths: 0.
num_space_committed: 594.
num_space_uncommitted: 0.
num_chunks_returned_to_freelist: 6.
num_chunks_taken_from_freelist: 983.
num_chunk_merges: 6.
num_chunk_splits: 670.
num_chunks_enlarged: 520.
num_purges: 0.
num_inconsistent_stats: 0.

CodeHeap 'non-profiled nmethods': size=120064Kb used=1968Kb max_used=1968Kb free=118095Kb
 bounds [0x0000026c4e9a0000, 0x0000026c4ec10000, 0x0000026c55ee0000]
CodeHeap 'profiled nmethods': size=120000Kb used=9808Kb max_used=9808Kb free=110191Kb
 bounds [0x0000026c47470000, 0x0000026c47e10000, 0x0000026c4e9a0000]
CodeHeap 'non-nmethods': size=5696Kb used=1270Kb max_used=1338Kb free=4425Kb
 bounds [0x0000026c46ee0000, 0x0000026c47150000, 0x0000026c47470000]
 total_blobs=5186 nmethods=4602 adapters=496
 compilation: enabled
              stopped_count=0, restarted_count=0
 full_count=0

Compilation events (20 events):
Event: 184.648 Thread 0x0000026c5d40c6f0 4612       2       org.testng.SuiteRunner$$Lambda$598/0x000000010041d800::apply (8 bytes)
Event: 184.648 Thread 0x0000026c5d40c6f0 nmethod 4612 0x0000026c47e00410 code [0x0000026c47e005c0, 0x0000026c47e00728]
Event: 184.649 Thread 0x0000026c5d40c6f0 4613       1       org.testng.internal.InvokedMethod::getTestResult (5 bytes)
Event: 184.649 Thread 0x0000026c5d40c6f0 nmethod 4613 0x0000026c4eb8bf10 code [0x0000026c4eb8c0a0, 0x0000026c4eb8c178]
Event: 184.649 Thread 0x0000026c5d40c6f0 4614       2       java.util.TimSort::binarySort (223 bytes)
Event: 184.650 Thread 0x0000026c5d40c6f0 nmethod 4614 0x0000026c47e00810 code [0x0000026c47e00a00, 0x0000026c47e01078]
Event: 184.650 Thread 0x0000026c5d40c6f0 4615       2       org.testng.reporters.jq.ChronologicalPanel$1::compare (13 bytes)
Event: 184.650 Thread 0x0000026c5d40c6f0 nmethod 4615 0x0000026c47e01390 code [0x0000026c47e01540, 0x0000026c47e017d8]
Event: 184.651 Thread 0x0000026c5d40c6f0 4616       2       org.testng.reporters.XMLUtils::xml (46 bytes)
Event: 184.652 Thread 0x0000026c5d40c6f0 nmethod 4616 0x0000026c47e01990 code [0x0000026c47e01b80, 0x0000026c47e01ef8]
Event: 184.652 Thread 0x0000026c5d40c6f0 4617       2       org.testng.reporters.jq.Model::getTestResultName (163 bytes)
Event: 184.653 Thread 0x0000026c5d40c6f0 nmethod 4617 0x0000026c47e02110 code [0x0000026c47e023e0, 0x0000026c47e02b28]
Event: 184.655 Thread 0x0000026c5d40c6f0 4618       2       org.testng.reporters.XMLStringBuffer::addRequired (15 bytes)
Event: 184.655 Thread 0x0000026c5d40c6f0 nmethod 4618 0x0000026c47e03010 code [0x0000026c47e031a0, 0x0000026c47e032e8]
Event: 184.655 Thread 0x0000026c5d40c6f0 4619       2       org.testng.reporters.XMLStringBuffer::addRequired (12 bytes)
Event: 184.655 Thread 0x0000026c5d40c6f0 nmethod 4619 0x0000026c47e03390 code [0x0000026c47e03540, 0x0000026c47e03698]
Event: 184.676 Thread 0x0000026c5d40c6f0 4620   !   2       java.lang.ClassLoader::getResourceAsStream (27 bytes)
Event: 184.677 Thread 0x0000026c5d40c6f0 nmethod 4620 0x0000026c47e03790 code [0x0000026c47e03980, 0x0000026c47e03c38]
Event: 184.678 Thread 0x0000026c5d40c6f0 4621       2       java.io.FileDescriptor::<init> (17 bytes)
Event: 184.678 Thread 0x0000026c5d40c6f0 nmethod 4621 0x0000026c47e03e10 code [0x0000026c47e03fa0, 0x0000026c47e040b8]

GC Heap History (20 events):
Event: 21.205 GC heap before
{Heap before GC invocations=10 (full 0):
 garbage-first heap   total 48128K, used 33340K [0x0000000081800000, 0x0000000100000000)
  region size 1024K, 17 young (17408K), 2 survivors (2048K)
 Metaspace       used 36613K, committed 36864K, reserved 1089536K
  class space    used 4113K, committed 4224K, reserved 1048576K
}
Event: 21.209 GC heap after
{Heap after GC invocations=11 (full 0):
 garbage-first heap   total 48128K, used 19146K [0x0000000081800000, 0x0000000100000000)
  region size 1024K, 2 young (2048K), 2 survivors (2048K)
 Metaspace       used 36613K, committed 36864K, reserved 1089536K
  class space    used 4113K, committed 4224K, reserved 1048576K
}
Event: 29.020 GC heap before
{Heap before GC invocations=11 (full 0):
 garbage-first heap   total 48128K, used 34506K [0x0000000081800000, 0x0000000100000000)
  region size 1024K, 18 young (18432K), 2 survivors (2048K)
 Metaspace       used 36739K, committed 36992K, reserved 1089536K
  class space    used 4120K, committed 4224K, reserved 1048576K
}
Event: 29.024 GC heap after
{Heap after GC invocations=12 (full 0):
 garbage-first heap   total 48128K, used 19257K [0x0000000081800000, 0x0000000100000000)
  region size 1024K, 2 young (2048K), 2 survivors (2048K)
 Metaspace       used 36739K, committed 36992K, reserved 1089536K
  class space    used 4120K, committed 4224K, reserved 1048576K
}
Event: 42.402 GC heap before
{Heap before GC invocations=12 (full 0):
 garbage-first heap   total 48128K, used 35641K [0x0000000081800000, 0x0000000100000000)
  region size 1024K, 19 young (19456K), 2 survivors (2048K)
 Metaspace       used 36799K, committed 37056K, reserved 1089536K
  class space    used 4121K, committed 4224K, reserved 1048576K
}
Event: 42.406 GC heap after
{Heap after GC invocations=13 (full 0):
 garbage-first heap   total 48128K, used 19151K [0x0000000081800000, 0x0000000100000000)
  region size 1024K, 2 young (2048K), 2 survivors (2048K)
 Metaspace       used 36799K, committed 37056K, reserved 1089536K
  class space    used 4121K, committed 4224K, reserved 1048576K
}
Event: 63.768 GC heap before
{Heap before GC invocations=13 (full 0):
 garbage-first heap   total 48128K, used 36559K [0x0000000081800000, 0x0000000100000000)
  region size 1024K, 20 young (20480K), 2 survivors (2048K)
 Metaspace       used 36872K, committed 37120K, reserved 1089536K
  class space    used 4121K, committed 4224K, reserved 1048576K
}
Event: 63.772 GC heap after
{Heap after GC invocations=14 (full 0):
 garbage-first heap   total 48128K, used 19219K [0x0000000081800000, 0x0000000100000000)
  region size 1024K, 2 young (2048K), 2 survivors (2048K)
 Metaspace       used 36872K, committed 37120K, reserved 1089536K
  class space    used 4121K, committed 4224K, reserved 1048576K
}
Event: 69.896 GC heap before
{Heap before GC invocations=14 (full 0):
 garbage-first heap   total 48128K, used 36627K [0x0000000081800000, 0x0000000100000000)
  region size 1024K, 20 young (20480K), 2 survivors (2048K)
 Metaspace       used 36912K, committed 37184K, reserved 1089536K
  class space    used 4121K, committed 4224K, reserved 1048576K
}
Event: 69.900 GC heap after
{Heap after GC invocations=15 (full 0):
 garbage-first heap   total 48128K, used 19186K [0x0000000081800000, 0x0000000100000000)
  region size 1024K, 2 young (2048K), 2 survivors (2048K)
 Metaspace       used 36912K, committed 37184K, reserved 1089536K
  class space    used 4121K, committed 4224K, reserved 1048576K
}
Event: 83.965 GC heap before
{Heap before GC invocations=15 (full 0):
 garbage-first heap   total 48128K, used 38642K [0x0000000081800000, 0x0000000100000000)
  region size 1024K, 21 young (21504K), 2 survivors (2048K)
 Metaspace       used 36996K, committed 37184K, reserved 1089536K
  class space    used 4122K, committed 4224K, reserved 1048576K
}
Event: 83.969 GC heap after
{Heap after GC invocations=16 (full 0):
 garbage-first heap   total 48128K, used 19286K [0x0000000081800000, 0x0000000100000000)
  region size 1024K, 2 young (2048K), 2 survivors (2048K)
 Metaspace       used 36996K, committed 37184K, reserved 1089536K
  class space    used 4122K, committed 4224K, reserved 1048576K
}
Event: 103.122 GC heap before
{Heap before GC invocations=16 (full 0):
 garbage-first heap   total 48128K, used 37718K [0x0000000081800000, 0x0000000100000000)
  region size 1024K, 21 young (21504K), 2 survivors (2048K)
 Metaspace       used 37053K, committed 37312K, reserved 1089536K
  class space    used 4122K, committed 4224K, reserved 1048576K
}
Event: 103.127 GC heap after
{Heap after GC invocations=17 (full 0):
 garbage-first heap   total 48128K, used 19305K [0x0000000081800000, 0x0000000100000000)
  region size 1024K, 2 young (2048K), 2 survivors (2048K)
 Metaspace       used 37053K, committed 37312K, reserved 1089536K
  class space    used 4122K, committed 4224K, reserved 1048576K
}
Event: 184.112 GC heap before
{Heap before GC invocations=17 (full 0):
 garbage-first heap   total 48128K, used 38761K [0x0000000081800000, 0x0000000100000000)
  region size 1024K, 22 young (22528K), 2 survivors (2048K)
 Metaspace       used 37203K, committed 37440K, reserved 1089536K
  class space    used 4131K, committed 4224K, reserved 1048576K
}
Event: 184.117 GC heap after
{Heap after GC invocations=18 (full 0):
 garbage-first heap   total 48128K, used 19187K [0x0000000081800000, 0x0000000100000000)
  region size 1024K, 2 young (2048K), 2 survivors (2048K)
 Metaspace       used 37203K, committed 37440K, reserved 1089536K
  class space    used 4131K, committed 4224K, reserved 1048576K
}
Event: 184.361 GC heap before
{Heap before GC invocations=18 (full 0):
 garbage-first heap   total 48128K, used 38643K [0x0000000081800000, 0x0000000100000000)
  region size 1024K, 22 young (22528K), 2 survivors (2048K)
 Metaspace       used 37312K, committed 37568K, reserved 1089536K
  class space    used 4140K, committed 4224K, reserved 1048576K
}
Event: 184.371 GC heap after
{Heap after GC invocations=19 (full 0):
 garbage-first heap   total 48128K, used 19288K [0x0000000081800000, 0x0000000100000000)
  region size 1024K, 2 young (2048K), 2 survivors (2048K)
 Metaspace       used 37312K, committed 37568K, reserved 1089536K
  class space    used 4140K, committed 4224K, reserved 1048576K
}
Event: 184.636 GC heap before
{Heap before GC invocations=19 (full 0):
 garbage-first heap   total 48128K, used 39768K [0x0000000081800000, 0x0000000100000000)
  region size 1024K, 22 young (22528K), 2 survivors (2048K)
 Metaspace       used 37677K, committed 38016K, reserved 1089536K
  class space    used 4176K, committed 4352K, reserved 1048576K
}
Event: 184.643 GC heap after
{Heap after GC invocations=20 (full 0):
 garbage-first heap   total 48128K, used 19399K [0x0000000081800000, 0x0000000100000000)
  region size 1024K, 2 young (2048K), 2 survivors (2048K)
 Metaspace       used 37677K, committed 38016K, reserved 1089536K
  class space    used 4176K, committed 4352K, reserved 1048576K
}

Deoptimization events (20 events):
Event: 184.615 Thread 0x0000026c4383e780 DEOPT PACKING pc=0x0000026c47d89aca sp=0x0000009aa81fe9d0
Event: 184.615 Thread 0x0000026c4383e780 DEOPT UNPACKING pc=0x0000026c46f32b43 sp=0x0000009aa81fded8 mode 0
Event: 184.617 Thread 0x0000026c4383e780 DEOPT PACKING pc=0x0000026c47d89aca sp=0x0000009aa81fe9d0
Event: 184.617 Thread 0x0000026c4383e780 DEOPT UNPACKING pc=0x0000026c46f32b43 sp=0x0000009aa81fded8 mode 0
Event: 184.619 Thread 0x0000026c4383e780 DEOPT PACKING pc=0x0000026c47d89aca sp=0x0000009aa81fe9d0
Event: 184.619 Thread 0x0000026c4383e780 DEOPT UNPACKING pc=0x0000026c46f32b43 sp=0x0000009aa81fded8 mode 0
Event: 184.620 Thread 0x0000026c4383e780 DEOPT PACKING pc=0x0000026c47d89aca sp=0x0000009aa81fe9d0
Event: 184.620 Thread 0x0000026c4383e780 DEOPT UNPACKING pc=0x0000026c46f32b43 sp=0x0000009aa81fded8 mode 0
Event: 184.623 Thread 0x0000026c4383e780 DEOPT PACKING pc=0x0000026c47d89aca sp=0x0000009aa81fe9d0
Event: 184.623 Thread 0x0000026c4383e780 DEOPT UNPACKING pc=0x0000026c46f32b43 sp=0x0000009aa81fded8 mode 0
Event: 184.624 Thread 0x0000026c4383e780 DEOPT PACKING pc=0x0000026c47d89aca sp=0x0000009aa81fe9d0
Event: 184.624 Thread 0x0000026c4383e780 DEOPT UNPACKING pc=0x0000026c46f32b43 sp=0x0000009aa81fded8 mode 0
Event: 184.625 Thread 0x0000026c4383e780 DEOPT PACKING pc=0x0000026c47d89aca sp=0x0000009aa81fe9d0
Event: 184.625 Thread 0x0000026c4383e780 DEOPT UNPACKING pc=0x0000026c46f32b43 sp=0x0000009aa81fded8 mode 0
Event: 184.630 Thread 0x0000026c4383e780 DEOPT PACKING pc=0x0000026c47d89aca sp=0x0000009aa81fe9d0
Event: 184.630 Thread 0x0000026c4383e780 DEOPT UNPACKING pc=0x0000026c46f32b43 sp=0x0000009aa81fded8 mode 0
Event: 184.631 Thread 0x0000026c4383e780 DEOPT PACKING pc=0x0000026c47d89aca sp=0x0000009aa81fe9d0
Event: 184.632 Thread 0x0000026c4383e780 DEOPT UNPACKING pc=0x0000026c46f32b43 sp=0x0000009aa81fded8 mode 0
Event: 184.634 Thread 0x0000026c4383e780 DEOPT PACKING pc=0x0000026c47d89aca sp=0x0000009aa81fe9d0
Event: 184.634 Thread 0x0000026c4383e780 DEOPT UNPACKING pc=0x0000026c46f32b43 sp=0x0000009aa81fded8 mode 0

Classes unloaded (0 events):
No events

Classes redefined (0 events):
No events

Internal exceptions (20 events):
Event: 89.751 Thread 0x0000026c5dd21500 Exception <a 'java/net/ConnectException'{0x0000000087158408}: Connection refused: no further information> (0x0000000087158408) 
thrown [e:\jenkins\tmp\workspace\build\src\src\hotspot\share\prims\jni.cpp, line 535]
Event: 89.751 Thread 0x0000026c5dd21500 Exception <a 'java/net/SocketException'{0x0000000087158740}: Socket is not connected: shutdown> (0x0000000087158740) 
thrown [e:\jenkins\tmp\workspace\build\src\src\hotspot\share\prims\jni.cpp, line 535]
Event: 89.772 Thread 0x0000026c5dd21500 Exception <a 'java/net/ConnectException'{0x0000000087159788}: Connection refused: no further information> (0x0000000087159788) 
thrown [e:\jenkins\tmp\workspace\build\src\src\hotspot\share\prims\jni.cpp, line 535]
Event: 89.772 Thread 0x0000026c5dd21500 Exception <a 'java/net/SocketException'{0x0000000087159ac0}: Socket is not connected: shutdown> (0x0000000087159ac0) 
thrown [e:\jenkins\tmp\workspace\build\src\src\hotspot\share\prims\jni.cpp, line 535]
Event: 89.814 Thread 0x0000026c5dd21500 Exception <a 'java/net/ConnectException'{0x000000008715ab08}: Connection refused: no further information> (0x000000008715ab08) 
thrown [e:\jenkins\tmp\workspace\build\src\src\hotspot\share\prims\jni.cpp, line 535]
Event: 89.814 Thread 0x0000026c5dd21500 Exception <a 'java/net/SocketException'{0x000000008715ae40}: Socket is not connected: shutdown> (0x000000008715ae40) 
thrown [e:\jenkins\tmp\workspace\build\src\src\hotspot\share\prims\jni.cpp, line 535]
Event: 107.254 Thread 0x0000026c5dd21500 Exception <a 'java/net/ConnectException'{0x0000000083b692c8}: Connection refused: no further information> (0x0000000083b692c8) 
thrown [e:\jenkins\tmp\workspace\build\src\src\hotspot\share\prims\jni.cpp, line 535]
Event: 107.254 Thread 0x0000026c5dd21500 Exception <a 'java/net/SocketException'{0x0000000083b69600}: Socket is not connected: shutdown> (0x0000000083b69600) 
thrown [e:\jenkins\tmp\workspace\build\src\src\hotspot\share\prims\jni.cpp, line 535]
Event: 107.321 Thread 0x0000026c4383e780 Exception <a 'java/net/SocketException'{0x0000000083a5c0c8}: Socket is not connected: shutdown> (0x0000000083a5c0c8) 
thrown [e:\jenkins\tmp\workspace\build\src\src\hotspot\share\prims\jni.cpp, line 535]
Event: 107.327 Thread 0x0000026c5dd21500 Exception <a 'java/net/ConnectException'{0x0000000083b6a668}: Connection refused: no further information> (0x0000000083b6a668) 
thrown [e:\jenkins\tmp\workspace\build\src\src\hotspot\share\prims\jni.cpp, line 535]
Event: 107.328 Thread 0x0000026c5dd21500 Exception <a 'java/net/SocketException'{0x0000000083ab42b8}: Socket is not connected: shutdown> (0x0000000083ab42b8) 
thrown [e:\jenkins\tmp\workspace\build\src\src\hotspot\share\prims\jni.cpp, line 535]
Event: 107.339 Thread 0x0000026c5dd21500 Exception <a 'java/net/ConnectException'{0x0000000083ab5300}: Connection refused: no further information> (0x0000000083ab5300) 
thrown [e:\jenkins\tmp\workspace\build\src\src\hotspot\share\prims\jni.cpp, line 535]
Event: 107.339 Thread 0x0000026c5dd21500 Exception <a 'java/net/SocketException'{0x0000000083ab5638}: Socket is not connected: shutdown> (0x0000000083ab5638) 
thrown [e:\jenkins\tmp\workspace\build\src\src\hotspot\share\prims\jni.cpp, line 535]
Event: 107.360 Thread 0x0000026c5dd21500 Exception <a 'java/net/ConnectException'{0x0000000083ae2fc8}: Connection refused: no further information> (0x0000000083ae2fc8) 
thrown [e:\jenkins\tmp\workspace\build\src\src\hotspot\share\prims\jni.cpp, line 535]
Event: 107.360 Thread 0x0000026c5dd21500 Exception <a 'java/net/SocketException'{0x0000000083ae3300}: Socket is not connected: shutdown> (0x0000000083ae3300) 
thrown [e:\jenkins\tmp\workspace\build\src\src\hotspot\share\prims\jni.cpp, line 535]
Event: 107.404 Thread 0x0000026c5dd21500 Exception <a 'java/net/ConnectException'{0x0000000083ae4348}: Connection refused: no further information> (0x0000000083ae4348) 
thrown [e:\jenkins\tmp\workspace\build\src\src\hotspot\share\prims\jni.cpp, line 535]
Event: 107.404 Thread 0x0000026c5dd21500 Exception <a 'java/net/SocketException'{0x0000000083ae4680}: Socket is not connected: shutdown> (0x0000000083ae4680) 
thrown [e:\jenkins\tmp\workspace\build\src\src\hotspot\share\prims\jni.cpp, line 535]
Event: 144.051 Thread 0x0000026c4383e780 Exception <a 'java/lang/ClassNotFoundException'{0x0000000083431340}: sun/misc/SharedSecrets> (0x0000000083431340) 
thrown [e:\jenkins\tmp\workspace\build\src\src\hotspot\share\classfile\systemDictionary.cpp, line 256]
Event: 144.051 Thread 0x0000026c4383e780 Implicit null exception at 0x0000026c4eb4a884 to 0x0000026c4eb4b00c
Event: 184.109 Thread 0x0000026c4383e780 Exception <a 'java/lang/reflect/InvocationTargetException'{0x00000000831e75c0}> (0x00000000831e75c0) 
thrown [e:\jenkins\tmp\workspace\build\src\src\hotspot\share\runtime\reflection.cpp, line 1121]

VM Operations (20 events):
Event: 103.035 Executing VM operation: Cleanup
Event: 103.035 Executing VM operation: Cleanup done
Event: 103.122 Executing VM operation: G1CollectForAllocation
Event: 103.127 Executing VM operation: G1CollectForAllocation done
Event: 107.128 Executing VM operation: Cleanup
Event: 107.129 Executing VM operation: Cleanup done
Event: 109.129 Executing VM operation: Cleanup
Event: 109.129 Executing VM operation: Cleanup done
Event: 144.150 Executing VM operation: Cleanup
Event: 144.150 Executing VM operation: Cleanup done
Event: 164.162 Executing VM operation: Cleanup
Event: 164.162 Executing VM operation: Cleanup done
Event: 184.112 Executing VM operation: G1CollectForAllocation
Event: 184.117 Executing VM operation: G1CollectForAllocation done
Event: 184.361 Executing VM operation: G1CollectForAllocation
Event: 184.371 Executing VM operation: G1CollectForAllocation done
Event: 184.400 Executing VM operation: HandshakeAllThreads
Event: 184.400 Executing VM operation: HandshakeAllThreads done
Event: 184.636 Executing VM operation: G1CollectForAllocation
Event: 184.643 Executing VM operation: G1CollectForAllocation done

Events (20 events):
Event: 184.400 loading class java/io/FileReader
Event: 184.400 loading class java/io/FileReader done
Event: 184.402 loading class java/text/FieldPosition$Delegate
Event: 184.402 loading class java/text/FieldPosition$Delegate done
Event: 184.403 loading class java/text/StringCharacterIterator
Event: 184.403 loading class java/text/CharacterIterator
Event: 184.403 loading class java/text/CharacterIterator done
Event: 184.403 loading class java/text/StringCharacterIterator done
Event: 184.404 loading class java/util/concurrent/ConcurrentLinkedDeque$Itr
Event: 184.404 loading class java/util/concurrent/ConcurrentLinkedDeque$AbstractItr
Event: 184.404 loading class java/util/concurrent/ConcurrentLinkedDeque$AbstractItr done
Event: 184.404 loading class java/util/concurrent/ConcurrentLinkedDeque$Itr done
Event: 184.510 loading class java/util/Vector$Itr
Event: 184.510 loading class java/util/Vector$Itr done
Event: 184.598 loading class java/io/File$TempDirectory
Event: 184.598 loading class java/io/File$TempDirectory done
Event: 184.599 loading class java/io/DeleteOnExitHook
Event: 184.599 loading class java/io/DeleteOnExitHook done
Event: 184.599 loading class java/io/DeleteOnExitHook$1
Event: 184.599 loading class java/io/DeleteOnExitHook$1 done


Dynamic libraries:
0x00007ff74fde0000 - 0x00007ff74fdee000 	C:\Users\rahul.chadha\.p2\pool\plugins\org.eclipse.justj.openjdk.hotspot.jre.full.win32.x86_64_17.0.0.v20211012-1059\jre\bin\java.exe
0x00007ff937270000 - 0x00007ff93745d000 	C:\Windows\SYSTEM32\ntdll.dll
0x00007ff937180000 - 0x00007ff937233000 	C:\Windows\System32\KERNEL32.DLL
0x00007ff933720000 - 0x00007ff9339b5000 	C:\Windows\System32\KERNELBASE.dll
0x00007ff933390000 - 0x00007ff93348a000 	C:\Windows\System32\ucrtbase.dll
0x00007ff90c9e0000 - 0x00007ff90c9f8000 	C:\Users\rahul.chadha\.p2\pool\plugins\org.eclipse.justj.openjdk.hotspot.jre.full.win32.x86_64_17.0.0.v20211012-1059\jre\bin\jli.dll
0x00007ff934590000 - 0x00007ff934727000 	C:\Windows\System32\USER32.dll
0x00007ff933560000 - 0x00007ff933580000 	C:\Windows\System32\win32u.dll
0x00007ff934730000 - 0x00007ff934759000 	C:\Windows\System32\GDI32.dll
0x00007ff933580000 - 0x00007ff933719000 	C:\Windows\System32\gdi32full.dll
0x00007ff933bd0000 - 0x00007ff933c70000 	C:\Windows\System32\msvcp_win.dll
0x00007ff916b90000 - 0x00007ff916ba9000 	C:\Users\rahul.chadha\.p2\pool\plugins\org.eclipse.justj.openjdk.hotspot.jre.full.win32.x86_64_17.0.0.v20211012-1059\jre\bin\VCRUNTIME140.dll
0x00007ff9270b0000 - 0x00007ff927329000 	C:\Windows\WinSxS\amd64_microsoft.windows.common-controls_6595b64144ccf1df_6.0.17763.1192_none_de76b76053465515\COMCTL32.dll
0x00007ff935130000 - 0x00007ff9351ce000 	C:\Windows\System32\msvcrt.dll
0x00007ff934760000 - 0x00007ff934a8c000 	C:\Windows\System32\combase.dll
0x00007ff934f30000 - 0x00007ff935052000 	C:\Windows\System32\RPCRT4.dll
0x00007ff9334e0000 - 0x00007ff93355e000 	C:\Windows\System32\bcryptPrimitives.dll
0x00007ff934da0000 - 0x00007ff934dce000 	C:\Windows\System32\IMM32.DLL
0x00007ff920230000 - 0x00007ff92023c000 	C:\Users\rahul.chadha\.p2\pool\plugins\org.eclipse.justj.openjdk.hotspot.jre.full.win32.x86_64_17.0.0.v20211012-1059\jre\bin\vcruntime140_1.dll
0x00007ff90c940000 - 0x00007ff90c9d1000 	C:\Users\rahul.chadha\.p2\pool\plugins\org.eclipse.justj.openjdk.hotspot.jre.full.win32.x86_64_17.0.0.v20211012-1059\jre\bin\msvcp140.dll
0x00007ff8cdb20000 - 0x00007ff8ce766000 	C:\Users\rahul.chadha\.p2\pool\plugins\org.eclipse.justj.openjdk.hotspot.jre.full.win32.x86_64_17.0.0.v20211012-1059\jre\bin\server\jvm.dll
0x00007ff936f70000 - 0x00007ff937013000 	C:\Windows\System32\ADVAPI32.dll
0x00007ff9344f0000 - 0x00007ff93458e000 	C:\Windows\System32\sechost.dll
0x00007ff934be0000 - 0x00007ff934be8000 	C:\Windows\System32\PSAPI.DLL
0x00007ff928bf0000 - 0x00007ff928bf9000 	C:\Windows\SYSTEM32\WSOCK32.dll
0x00007ff934b70000 - 0x00007ff934bdd000 	C:\Windows\System32\WS2_32.dll
0x00007ff9314c0000 - 0x00007ff9314e4000 	C:\Windows\SYSTEM32\WINMM.dll
0x00007ff9295d0000 - 0x00007ff9295da000 	C:\Windows\SYSTEM32\VERSION.dll
0x00007ff931490000 - 0x00007ff9314bd000 	C:\Windows\SYSTEM32\WINMMBASE.dll
0x00007ff933490000 - 0x00007ff9334da000 	C:\Windows\System32\cfgmgr32.dll
0x00007ff933280000 - 0x00007ff933291000 	C:\Windows\System32\kernel.appcore.dll
0x00007ff920220000 - 0x00007ff92022a000 	C:\Users\rahul.chadha\.p2\pool\plugins\org.eclipse.justj.openjdk.hotspot.jre.full.win32.x86_64_17.0.0.v20211012-1059\jre\bin\jimage.dll
0x00007ff916790000 - 0x00007ff91697d000 	C:\Windows\SYSTEM32\DBGHELP.DLL
0x00007ff928900000 - 0x00007ff92892a000 	C:\Windows\SYSTEM32\dbgcore.DLL
0x00007ff9133c0000 - 0x00007ff9133e5000 	C:\Users\rahul.chadha\.p2\pool\plugins\org.eclipse.justj.openjdk.hotspot.jre.full.win32.x86_64_17.0.0.v20211012-1059\jre\bin\java.dll
0x00007ff913350000 - 0x00007ff913368000 	C:\Users\rahul.chadha\.p2\pool\plugins\org.eclipse.justj.openjdk.hotspot.jre.full.win32.x86_64_17.0.0.v20211012-1059\jre\bin\zip.dll
0x00007ff935940000 - 0x00007ff936e34000 	C:\Windows\System32\SHELL32.dll
0x00007ff935410000 - 0x00007ff9354b8000 	C:\Windows\System32\shcore.dll
0x00007ff933c70000 - 0x00007ff9343bd000 	C:\Windows\System32\windows.storage.dll
0x00007ff933300000 - 0x00007ff933324000 	C:\Windows\System32\profapi.dll
0x00007ff9332a0000 - 0x00007ff9332fd000 	C:\Windows\System32\powrprof.dll
0x00007ff934e30000 - 0x00007ff934e82000 	C:\Windows\System32\shlwapi.dll
0x00007ff9343c0000 - 0x00007ff9343d7000 	C:\Windows\System32\cryptsp.dll
0x00007ff913300000 - 0x00007ff913319000 	C:\Users\rahul.chadha\.p2\pool\plugins\org.eclipse.justj.openjdk.hotspot.jre.full.win32.x86_64_17.0.0.v20211012-1059\jre\bin\net.dll
0x00007ff92d540000 - 0x00007ff92d632000 	C:\Windows\SYSTEM32\WINHTTP.dll
0x00007ff932a70000 - 0x00007ff932ad7000 	C:\Windows\system32\mswsock.dll
0x00007ff9132e0000 - 0x00007ff9132f5000 	C:\Users\rahul.chadha\.p2\pool\plugins\org.eclipse.justj.openjdk.hotspot.jre.full.win32.x86_64_17.0.0.v20211012-1059\jre\bin\nio.dll
0x00007ff8ecb60000 - 0x00007ff8ecb69000 	C:\Users\rahul.chadha\.p2\pool\plugins\org.eclipse.justj.openjdk.hotspot.jre.full.win32.x86_64_17.0.0.v20211012-1059\jre\bin\management.dll
0x00007ff8ecb50000 - 0x00007ff8ecb5b000 	C:\Users\rahul.chadha\.p2\pool\plugins\org.eclipse.justj.openjdk.hotspot.jre.full.win32.x86_64_17.0.0.v20211012-1059\jre\bin\management_ext.dll
0x00007ff9325f0000 - 0x00007ff932623000 	C:\Windows\system32\rsaenh.dll
0x00007ff9339c0000 - 0x00007ff9339e6000 	C:\Windows\System32\bcrypt.dll
0x00007ff933190000 - 0x00007ff9331b8000 	C:\Windows\SYSTEM32\USERENV.dll
0x00007ff932c40000 - 0x00007ff932c4c000 	C:\Windows\SYSTEM32\CRYPTBASE.dll
0x00007ff932790000 - 0x00007ff9327cd000 	C:\Windows\SYSTEM32\IPHLPAPI.DLL
0x00007ff935400000 - 0x00007ff935408000 	C:\Windows\System32\NSI.dll
0x00007ff92aec0000 - 0x00007ff92aed6000 	C:\Windows\SYSTEM32\dhcpcsvc6.DLL
0x00007ff92ae80000 - 0x00007ff92ae9c000 	C:\Windows\SYSTEM32\dhcpcsvc.DLL
0x00007ff9327d0000 - 0x00007ff932897000 	C:\Windows\SYSTEM32\DNSAPI.dll
0x00007ff923b30000 - 0x00007ff923b46000 	C:\Windows\system32\napinsp.dll
0x00007ff9268d0000 - 0x00007ff9268de000 	C:\Windows\System32\winrnr.dll
0x00007ff92b700000 - 0x00007ff92b71b000 	C:\Windows\system32\NLAapi.dll
0x00007ff923b10000 - 0x00007ff923b25000 	C:\Windows\system32\wshbth.dll
0x00007ff929500000 - 0x00007ff92950a000 	C:\Windows\System32\rasadhlp.dll
0x00007ff92a4a0000 - 0x00007ff92a519000 	C:\Windows\System32\fwpuclnt.dll
0x00007ff916b80000 - 0x00007ff916b90000 	C:\Users\rahul.chadha\.p2\pool\plugins\org.eclipse.justj.openjdk.hotspot.jre.full.win32.x86_64_17.0.0.v20211012-1059\jre\bin\verify.dll
0x00007ff8f63e0000 - 0x00007ff8f63ee000 	C:\Users\rahul.chadha\.p2\pool\plugins\org.eclipse.justj.openjdk.hotspot.jre.full.win32.x86_64_17.0.0.v20211012-1059\jre\bin\sunmscapi.dll
0x00007ff9339f0000 - 0x00007ff933bcc000 	C:\Windows\System32\CRYPT32.dll
0x00007ff933260000 - 0x00007ff933272000 	C:\Windows\System32\MSASN1.dll
0x00007ff932d40000 - 0x00007ff932d66000 	C:\Windows\SYSTEM32\ncrypt.dll
0x00007ff932d00000 - 0x00007ff932d3c000 	C:\Windows\SYSTEM32\NTASN1.dll

dbghelp: loaded successfully - version: 4.0.5 - missing functions: none
symbol engine: initialized successfully - sym options: 0x614 - pdb path: .;C:\Users\rahul.chadha\.p2\pool\plugins\org.eclipse.justj.openjdk.hotspot.jre.full.win32.x86_64_17.0.0.v20211012-1059\jre\bin;C:\Windows\SYSTEM32;C:\Windows\WinSxS\amd64_microsoft.windows.common-controls_6595b64144ccf1df_6.0.17763.1192_none_de76b76053465515;C:\Users\rahul.chadha\.p2\pool\plugins\org.eclipse.justj.openjdk.hotspot.jre.full.win32.x86_64_17.0.0.v20211012-1059\jre\bin\server

VM Arguments:
java_command: C:\Users\rahul.chadha\AppData\Local\Temp\5\surefire11763053453458474768\surefirebooter1115705826709751821.jar C:\Users\rahul.chadha\AppData\Local\Temp\5\surefire11763053453458474768 2021-11-18T08-01-01_662-jvmRun1 surefire1489894665098721166tmp surefire_010193127592184650747tmp
java_class_path (initial): C:\Users\rahul.chadha\AppData\Local\Temp\5\surefire11763053453458474768\surefirebooter1115705826709751821.jar
Launcher Type: SUN_STANDARD

[Global flags]
     intx CICompilerCount                          = 2                                         {product} {ergonomic}
     uint ConcGCThreads                            = 1                                         {product} {ergonomic}
     uint G1ConcRefinementThreads                  = 2                                         {product} {ergonomic}
   size_t G1HeapRegionSize                         = 1048576                                   {product} {ergonomic}
    uintx GCDrainStackTargetSize                   = 64                                        {product} {ergonomic}
   size_t InitialHeapSize                          = 134217728                                 {product} {ergonomic}
   size_t MarkStackSize                            = 4194304                                   {product} {ergonomic}
   size_t MaxHeapSize                              = 2122317824                                {product} {ergonomic}
   size_t MaxNewSize                               = 1272971264                                {product} {ergonomic}
   size_t MinHeapDeltaBytes                        = 1048576                                   {product} {ergonomic}
   size_t MinHeapSize                              = 8388608                                   {product} {ergonomic}
    uintx NonNMethodCodeHeapSize                   = 5826188                                {pd product} {ergonomic}
    uintx NonProfiledCodeHeapSize                  = 122916026                              {pd product} {ergonomic}
    uintx ProfiledCodeHeapSize                     = 122916026                              {pd product} {ergonomic}
    uintx ReservedCodeCacheSize                    = 251658240                              {pd product} {ergonomic}
     bool SegmentedCodeCache                       = true                                      {product} {ergonomic}
   size_t SoftMaxHeapSize                          = 2122317824                             {manageable} {ergonomic}
     bool UseCompressedClassPointers               = true                           {product lp64_product} {ergonomic}
     bool UseCompressedOops                        = true                           {product lp64_product} {ergonomic}
     bool UseG1GC                                  = true                                      {product} {ergonomic}
     bool UseLargePagesIndividualAllocation        = false                                  {pd product} {ergonomic}

Logging:
Log output configuration:
 #0: stdout all=warning uptime,level,tags
 #1: stderr all=off uptime,level,tags

Environment Variables:
JAVA_HOME=C:\Program Files\Java\jdk1.8.0_301
PATH=C:/Users/rahul.chadha/.p2/pool/plugins/org.eclipse.justj.openjdk.hotspot.jre.full.win32.x86_64_17.0.0.v20211012-1059/jre/bin/server;C:/Users/rahul.chadha/.p2/pool/plugins/org.eclipse.justj.openjdk.hotspot.jre.full.win32.x86_64_17.0.0.v20211012-1059/jre/bin;C:\Program Files (x86)\Common Files\Oracle\Java\javapath;C:\Windows\system32;C:\Windows;C:\Windows\System32\Wbem;C:\Windows\System32\WindowsPowerShell\v1.0\;C:\Windows\System32\OpenSSH\;C:\Program Files\Amazon\cfn-bootstrap\;C:\gene\java\bin\;C:\Users\rahul.chadha\Desktop\Softwares\apache-maven-3.8.3-bin\apache-maven-3.8.3\bin;C:\Program Files\Git\cmd;C:\Program Files\Java\jdk1.8.0_301\bin;C:\Program Files\Java\jre1.8.0_301\bin;C:\Users\rahul.chadha\AppData\Local\Microsoft\WindowsApps;C:\Users\rahul.chadha\Desktop;
USERNAME=rahul.chadha
OS=Windows_NT
PROCESSOR_IDENTIFIER=Intel64 Family 6 Model 85 Stepping 4, GenuineIntel



---------------  S Y S T E M  ---------------

OS:
 Windows Server 2019 , 64 bit Build 17763 (10.0.17763.1158)
OS uptime: 76 days 22:56 hours
KVM virtualization detected

CPU: total 2 (initial active 2) (1 cores per cpu, 2 threads per core) family 6 model 85 stepping 4 microcode 0x2000069, cx8, cmov, fxsr, ht, mmx, 3dnowpref, sse, sse2, sse3, ssse3, sse4.1, sse4.2, popcnt, lzcnt, tsc, tscinvbit, avx, avx2, aes, erms, clmul, bmi1, bmi2, rtm, adx, fma, vzeroupper, clflush, clflushopt, clwb, hv

Memory: 4k page, system-wide physical 8089M (279M free)
TotalPageFile size 15769M (AvailPageFile size 6M)
current process WorkingSet (physical memory assigned to process): 159M, peak: 164M
current process commit charge ("private bytes"): 180M, peak: 230M

vm_info: OpenJDK 64-Bit Server VM (17+35) for windows-amd64 JRE (17+35), built on Sep 14 2021 17:27:39 by "" with MS VC++ 16.7 (VS2019)

END.
