#
# There is insufficient memory for the Java Runtime Environment to continue.
# Native memory allocation (malloc) failed to allocate 634416 bytes for Chunk::new
# Possible reasons:
#   The system is out of physical RAM or swap space
#   The process is running with CompressedOops enabled, and the Java Heap may be blocking the growth of the native heap
# Possible solutions:
#   Reduce memory load on the system
#   Increase physical memory or swap space
#   Check if swap backing store is full
#   Decrease Java heap size (-Xmx/-Xms)
#   Decrease number of Java threads
#   Decrease Java thread stack sizes (-Xss)
#   Set larger code cache with -XX:ReservedCodeCacheSize=
#   JVM is running with Unscaled Compressed Oops mode in which the Java heap is
#     placed in the first 4GB address space. The Java Heap base address is the
#     maximum limit for the native heap growth. Please use -XX:HeapBaseMinAddress
#     to set the Java Heap base and to place the Java Heap above 4GB virtual address.
# This output file may be truncated or incomplete.
#
#  Out of Memory Error (allocation.cpp:389), pid=42592, tid=0x000000000000851c
#
# JRE version: Java(TM) SE Runtime Environment (8.0_301-b09) (build 1.8.0_301-b09)
# Java VM: Java HotSpot(TM) 64-Bit Server VM (25.301-b09 mixed mode windows-amd64 compressed oops)
# Failed to write core dump. Call to MiniDumpWriteDump() failed (Error 0x800705af: The paging file is too small for this operation to complete.
)
#

---------------  T H R E A D  ---------------

Current thread (0x0000029e5756d000):  JavaThread "C2 CompilerThread0" daemon [_thread_in_native, id=34076, stack(0x000000dad8800000,0x000000dad8900000)]

Stack: [0x000000dad8800000,0x000000dad8900000]
Native frames: (J=compiled Java code, j=interpreted, Vv=VM code, C=native code)
V  [jvm.dll+0x32ed79]
V  [jvm.dll+0x275722]
V  [jvm.dll+0x2763cd]
V  [jvm.dll+0x26ce05]
V  [jvm.dll+0xd551c]
V  [jvm.dll+0xd5d1c]
V  [jvm.dll+0x470143]
V  [jvm.dll+0x437e08]
V  [jvm.dll+0x440c55]
V  [jvm.dll+0x440015]
V  [jvm.dll+0x42ae57]
V  [jvm.dll+0xac1bb]
V  [jvm.dll+0xaa81b]
V  [jvm.dll+0x23ddc2]
V  [jvm.dll+0x2923dc]
C  [ucrtbase.dll+0x21ffa]
C  [KERNEL32.DLL+0x17974]
C  [ntdll.dll+0x6a271]


Current CompileTask:
C2:   1151  532       4       java.io.WinNTFileSystem::normalize (231 bytes)


---------------  P R O C E S S  ---------------

Java Threads: ( => current thread )
  0x0000029e575d6000 JavaThread "Service Thread" daemon [_thread_blocked, id=40952, stack(0x000000dad8a00000,0x000000dad8b00000)]
  0x0000029e5756f800 JavaThread "C1 CompilerThread1" daemon [_thread_blocked, id=34384, stack(0x000000dad8900000,0x000000dad8a00000)]
=>0x0000029e5756d000 JavaThread "C2 CompilerThread0" daemon [_thread_in_native, id=34076, stack(0x000000dad8800000,0x000000dad8900000)]
  0x0000029e57564800 JavaThread "Attach Listener" daemon [_thread_blocked, id=41016, stack(0x000000dad8700000,0x000000dad8800000)]
  0x0000029e57562000 JavaThread "Signal Dispatcher" daemon [_thread_blocked, id=34008, stack(0x000000dad8600000,0x000000dad8700000)]
  0x0000029e412b4800 JavaThread "Finalizer" daemon [_thread_blocked, id=28868, stack(0x000000dad8500000,0x000000dad8600000)]
  0x0000029e57544000 JavaThread "Reference Handler" daemon [_thread_blocked, id=41372, stack(0x000000dad8400000,0x000000dad8500000)]
  0x0000029e41024000 JavaThread "main" [_thread_in_vm, id=33676, stack(0x000000dad8000000,0x000000dad8100000)]

Other Threads:
  0x0000029e57522800 VMThread [stack: 0x000000dad8300000,0x000000dad8400000] [id=41140]
  0x0000029e575fb000 WatcherThread [stack: 0x000000dad8b00000,0x000000dad8c00000] [id=28488]

VM state:not at safepoint (normal execution)

VM Mutex/Monitor currently owned by a thread: None

heap address: 0x0000000081800000, size: 2024 MB, Compressed Oops mode: 32-bit
Narrow klass base: 0x0000000000000000, Narrow klass shift: 3
Compressed class space size: 1073741824 Address: 0x0000000100000000

Heap:
 PSYoungGen      total 14336K, used 2548K [0x00000000d5d80000, 0x00000000d7d80000, 0x0000000100000000)
  eden space 12288K, 20% used [0x00000000d5d80000,0x00000000d5ffd228,0x00000000d6980000)
  from space 2048K, 0% used [0x00000000d6980000,0x00000000d6980000,0x00000000d6b80000)
  to   space 4096K, 0% used [0x00000000d7980000,0x00000000d7980000,0x00000000d7d80000)
 ParOldGen       total 5632K, used 5611K [0x0000000081800000, 0x0000000081d80000, 0x00000000d5d80000)
  object space 5632K, 99% used [0x0000000081800000,0x0000000081d7ac50,0x0000000081d80000)
 Metaspace       used 7245K, capacity 7956K, committed 8192K, reserved 1056768K
  class space    used 879K, capacity 912K, committed 1024K, reserved 1048576K

Card table byte_map: [0x0000029e51e90000,0x0000029e52290000] byte_map_base: 0x0000029e51a84000

Marking Bits: (ParMarkBitMap*) 0x0000000055537fe0
 Begin Bits: [0x0000029e52540000, 0x0000029e544e0000)
 End Bits:   [0x0000029e544e0000, 0x0000029e56480000)

Polling page: 0x0000029e40f90000

CodeCache: size=245760Kb used=2783Kb max_used=2783Kb free=242976Kb
 bounds [0x0000029e42ad0000, 0x0000029e42d90000, 0x0000029e51ad0000]
 total_blobs=842 nmethods=559 adapters=196
 compilation: enabled

Compilation events (10 events):
Event: 1.082 Thread 0x0000029e5756f800  555       3       sun.net.util.IPAddressUtil::checkExternalForm (69 bytes)
Event: 1.082 Thread 0x0000029e5756f800 nmethod 555 0x0000029e42d82690 code [0x0000029e42d828c0, 0x0000029e42d834d0]
Event: 1.084 Thread 0x0000029e5756f800  556       3       sun.misc.URLClassPath$3::run (93 bytes)
Event: 1.085 Thread 0x0000029e5756f800 nmethod 556 0x0000029e42d83990 code [0x0000029e42d83b60, 0x0000029e42d84420]
Event: 1.087 Thread 0x0000029e5756f800  557   !   3       sun.misc.URLClassPath$JarLoader$1::run (184 bytes)
Event: 1.088 Thread 0x0000029e5756f800 nmethod 557 0x0000029e42d84790 code [0x0000029e42d84a00, 0x0000029e42d857a0]
Event: 1.088 Thread 0x0000029e5756f800  558       3       sun.misc.URLClassPath$JarLoader::getJarFile (81 bytes)
Event: 1.089 Thread 0x0000029e5756f800 nmethod 558 0x0000029e42d86050 code [0x0000029e42d86300, 0x0000029e42d87260]
Event: 1.094 Thread 0x0000029e5756f800  560       3       java.util.zip.ZipFile$ZipFileInflaterInputStream::fill (80 bytes)
Event: 1.095 Thread 0x0000029e5756f800 nmethod 560 0x0000029e42d87950 code [0x0000029e42d87ae0, 0x0000029e42d87eb0]

GC Heap History (10 events):
Event: 0.420 GC heap before
{Heap before GC invocations=4 (full 0):
 PSYoungGen      total 3584K, used 3570K [0x00000000d5d80000, 0x00000000d6480000, 0x0000000100000000)
  eden space 3072K, 100% used [0x00000000d5d80000,0x00000000d6080000,0x00000000d6080000)
  from space 512K, 97% used [0x00000000d6080000,0x00000000d60fca80,0x00000000d6100000)
  to   space 512K, 0% used [0x00000000d6400000,0x00000000d6400000,0x00000000d6480000)
 ParOldGen       total 5632K, used 576K [0x0000000081800000, 0x0000000081d80000, 0x00000000d5d80000)
  object space 5632K, 10% used [0x0000000081800000,0x0000000081890050,0x0000000081d80000)
 Metaspace       used 6080K, capacity 7244K, committed 7552K, reserved 1056768K
  class space    used 758K, capacity 776K, committed 896K, reserved 1048576K
Event: 0.422 GC heap after
Heap after GC invocations=4 (full 0):
 PSYoungGen      total 6656K, used 483K [0x00000000d5d80000, 0x00000000d6480000, 0x0000000100000000)
  eden space 6144K, 0% used [0x00000000d5d80000,0x00000000d5d80000,0x00000000d6380000)
  from space 512K, 94% used [0x00000000d6400000,0x00000000d6478e60,0x00000000d6480000)
  to   space 512K, 0% used [0x00000000d6380000,0x00000000d6380000,0x00000000d6400000)
 ParOldGen       total 5632K, used 892K [0x0000000081800000, 0x0000000081d80000, 0x00000000d5d80000)
  object space 5632K, 15% used [0x0000000081800000,0x00000000818df338,0x0000000081d80000)
 Metaspace       used 6080K, capacity 7244K, committed 7552K, reserved 1056768K
  class space    used 758K, capacity 776K, committed 896K, reserved 1048576K
}
Event: 0.515 GC heap before
{Heap before GC invocations=5 (full 0):
 PSYoungGen      total 6656K, used 6427K [0x00000000d5d80000, 0x00000000d6480000, 0x0000000100000000)
  eden space 6144K, 96% used [0x00000000d5d80000,0x00000000d634e078,0x00000000d6380000)
  from space 512K, 94% used [0x00000000d6400000,0x00000000d6478e60,0x00000000d6480000)
  to   space 512K, 0% used [0x00000000d6380000,0x00000000d6380000,0x00000000d6400000)
 ParOldGen       total 5632K, used 892K [0x0000000081800000, 0x0000000081d80000, 0x00000000d5d80000)
  object space 5632K, 15% used [0x0000000081800000,0x00000000818df338,0x0000000081d80000)
 Metaspace       used 6483K, capacity 7596K, committed 7808K, reserved 1056768K
  class space    used 788K, capacity 808K, committed 896K, reserved 1048576K
Event: 0.520 GC heap after
Heap after GC invocations=5 (full 0):
 PSYoungGen      total 6656K, used 499K [0x00000000d5d80000, 0x00000000d6d80000, 0x0000000100000000)
  eden space 6144K, 0% used [0x00000000d5d80000,0x00000000d5d80000,0x00000000d6380000)
  from space 512K, 97% used [0x00000000d6380000,0x00000000d63fce70,0x00000000d6400000)
  to   space 2048K, 0% used [0x00000000d6b80000,0x00000000d6b80000,0x00000000d6d80000)
 ParOldGen       total 5632K, used 2006K [0x0000000081800000, 0x0000000081d80000, 0x00000000d5d80000)
  object space 5632K, 35% used [0x0000000081800000,0x00000000819f5b58,0x0000000081d80000)
 Metaspace       used 6483K, capacity 7596K, committed 7808K, reserved 1056768K
  class space    used 788K, capacity 808K, committed 896K, reserved 1048576K
}
Event: 0.535 GC heap before
{Heap before GC invocations=6 (full 0):
 PSYoungGen      total 6656K, used 6643K [0x00000000d5d80000, 0x00000000d6d80000, 0x0000000100000000)
  eden space 6144K, 100% used [0x00000000d5d80000,0x00000000d6380000,0x00000000d6380000)
  from space 512K, 97% used [0x00000000d6380000,0x00000000d63fce70,0x00000000d6400000)
  to   space 2048K, 0% used [0x00000000d6b80000,0x00000000d6b80000,0x00000000d6d80000)
 ParOldGen       total 5632K, used 2006K [0x0000000081800000, 0x0000000081d80000, 0x00000000d5d80000)
  object space 5632K, 35% used [0x0000000081800000,0x00000000819f5b58,0x0000000081d80000)
 Metaspace       used 6483K, capacity 7596K, committed 7808K, reserved 1056768K
  class space    used 788K, capacity 808K, committed 896K, reserved 1048576K
Event: 0.539 GC heap after
Heap after GC invocations=6 (full 0):
 PSYoungGen      total 14336K, used 1754K [0x00000000d5d80000, 0x00000000d6d80000, 0x0000000100000000)
  eden space 12288K, 0% used [0x00000000d5d80000,0x00000000d5d80000,0x00000000d6980000)
  from space 2048K, 85% used [0x00000000d6b80000,0x00000000d6d36be0,0x00000000d6d80000)
  to   space 2048K, 0% used [0x00000000d6980000,0x00000000d6980000,0x00000000d6b80000)
 ParOldGen       total 5632K, used 2006K [0x0000000081800000, 0x0000000081d80000, 0x00000000d5d80000)
  object space 5632K, 35% used [0x0000000081800000,0x00000000819f5b58,0x0000000081d80000)
 Metaspace       used 6483K, capacity 7596K, committed 7808K, reserved 1056768K
  class space    used 788K, capacity 808K, committed 896K, reserved 1048576K
}
Event: 0.882 GC heap before
{Heap before GC invocations=7 (full 0):
 PSYoungGen      total 14336K, used 14042K [0x00000000d5d80000, 0x00000000d6d80000, 0x0000000100000000)
  eden space 12288K, 100% used [0x00000000d5d80000,0x00000000d6980000,0x00000000d6980000)
  from space 2048K, 85% used [0x00000000d6b80000,0x00000000d6d36be0,0x00000000d6d80000)
  to   space 2048K, 0% used [0x00000000d6980000,0x00000000d6980000,0x00000000d6b80000)
 ParOldGen       total 5632K, used 2006K [0x0000000081800000, 0x0000000081d80000, 0x00000000d5d80000)
  object space 5632K, 35% used [0x0000000081800000,0x00000000819f5b58,0x0000000081d80000)
 Metaspace       used 7025K, capacity 7860K, committed 8064K, reserved 1056768K
  class space    used 855K, capacity 880K, committed 896K, reserved 1048576K
Event: 0.905 GC heap after
Heap after GC invocations=7 (full 0):
 PSYoungGen      total 14336K, used 2028K [0x00000000d5d80000, 0x00000000d7d80000, 0x0000000100000000)
  eden space 12288K, 0% used [0x00000000d5d80000,0x00000000d5d80000,0x00000000d6980000)
  from space 2048K, 99% used [0x00000000d6980000,0x00000000d6b7b0d8,0x00000000d6b80000)
  to   space 4096K, 0% used [0x00000000d7980000,0x00000000d7980000,0x00000000d7d80000)
 ParOldGen       total 5632K, used 4731K [0x0000000081800000, 0x0000000081d80000, 0x00000000d5d80000)
  object space 5632K, 84% used [0x0000000081800000,0x0000000081c9eda8,0x0000000081d80000)
 Metaspace       used 7025K, capacity 7860K, committed 8064K, reserved 1056768K
  class space    used 855K, capacity 880K, committed 896K, reserved 1048576K
}
Event: 0.905 GC heap before
{Heap before GC invocations=8 (full 1):
 PSYoungGen      total 14336K, used 2028K [0x00000000d5d80000, 0x00000000d7d80000, 0x0000000100000000)
  eden space 12288K, 0% used [0x00000000d5d80000,0x00000000d5d80000,0x00000000d6980000)
  from space 2048K, 99% used [0x00000000d6980000,0x00000000d6b7b0d8,0x00000000d6b80000)
  to   space 4096K, 0% used [0x00000000d7980000,0x00000000d7980000,0x00000000d7d80000)
 ParOldGen       total 5632K, used 4731K [0x0000000081800000, 0x0000000081d80000, 0x00000000d5d80000)
  object space 5632K, 84% used [0x0000000081800000,0x0000000081c9eda8,0x0000000081d80000)
 Metaspace       used 7025K, capacity 7860K, committed 8064K, reserved 1056768K
  class space    used 855K, capacity 880K, committed 896K, reserved 1048576K
Event: 0.968 GC heap after
Heap after GC invocations=8 (full 1):
 PSYoungGen      total 14336K, used 0K [0x00000000d5d80000, 0x00000000d7d80000, 0x0000000100000000)
  eden space 12288K, 0% used [0x00000000d5d80000,0x00000000d5d80000,0x00000000d6980000)
  from space 2048K, 0% used [0x00000000d6980000,0x00000000d6980000,0x00000000d6b80000)
  to   space 4096K, 0% used [0x00000000d7980000,0x00000000d7980000,0x00000000d7d80000)
 ParOldGen       total 5632K, used 5611K [0x0000000081800000, 0x0000000081d80000, 0x00000000d5d80000)
  object space 5632K, 99% used [0x0000000081800000,0x0000000081d7ac50,0x0000000081d80000)
 Metaspace       used 7025K, capacity 7860K, committed 8064K, reserved 1056768K
  class space    used 855K, capacity 880K, committed 896K, reserved 1048576K
}

Deoptimization events (9 events):
Event: 0.687 Thread 0x0000029e41024000 Uncommon trap: reason=unstable_if action=reinterpret pc=0x0000029e42cef12c method=java.util.jar.Manifest$FastInputStream.peek()B @ 23
Event: 0.753 Thread 0x0000029e41024000 Uncommon trap: reason=unstable_if action=reinterpret pc=0x0000029e42c513f0 method=java.lang.String.replace(CC)Ljava/lang/String; @ 26
Event: 0.796 Thread 0x0000029e41024000 Uncommon trap: reason=class_check action=maybe_recompile pc=0x0000029e42c76c04 method=sun.misc.URLClassPath.getLoader(I)Lsun/misc/URLClassPath$Loader; @ 94
Event: 0.797 Thread 0x0000029e41024000 Uncommon trap: reason=class_check action=maybe_recompile pc=0x0000029e42c76c04 method=sun.misc.URLClassPath.getLoader(I)Lsun/misc/URLClassPath$Loader; @ 94
Event: 0.818 Thread 0x0000029e41024000 Uncommon trap: reason=unstable_if action=reinterpret pc=0x0000029e42c8ee38 method=java.lang.String.<init>([CII)V @ 18
Event: 0.818 Thread 0x0000029e41024000 Uncommon trap: reason=unstable_if action=reinterpret pc=0x0000029e42c0ecc8 method=java.lang.String.startsWith(Ljava/lang/String;I)Z @ 25
Event: 0.822 Thread 0x0000029e41024000 Uncommon trap: reason=unstable_if action=reinterpret pc=0x0000029e42c8a1b0 method=java.lang.String.indexOf([CII[CIII)I @ 134
Event: 0.822 Thread 0x0000029e41024000 Uncommon trap: reason=unloaded action=reinterpret pc=0x0000029e42c7d878 method=sun.misc.URLClassPath$JarLoader.getResource(Ljava/lang/String;Z)Lsun/misc/Resource; @ 67
Event: 1.102 Thread 0x0000029e41024000 Uncommon trap: reason=class_check action=maybe_recompile pc=0x0000029e42c76c04 method=sun.misc.URLClassPath.getLoader(I)Lsun/misc/URLClassPath$Loader; @ 94

Classes redefined (0 events):
No events

Internal exceptions (10 events):
Event: 1.092 Thread 0x0000029e41024000 Exception <a 'java/security/PrivilegedActionException'> (0x00000000d5efb688) thrown at [C:\jenkins\workspace\8-2-build-windows-amd64-cygwin\jdk8u301\1513\hotspot\src\share\vm\prims\jvm.cpp, line 1523]
Event: 1.092 Thread 0x0000029e41024000 Exception <a 'java/security/PrivilegedActionException'> (0x00000000d5efb898) thrown at [C:\jenkins\workspace\8-2-build-windows-amd64-cygwin\jdk8u301\1513\hotspot\src\share\vm\prims\jvm.cpp, line 1523]
Event: 1.092 Thread 0x0000029e41024000 Exception <a 'java/security/PrivilegedActionException'> (0x00000000d5efcf10) thrown at [C:\jenkins\workspace\8-2-build-windows-amd64-cygwin\jdk8u301\1513\hotspot\src\share\vm\prims\jvm.cpp, line 1523]
Event: 1.092 Thread 0x0000029e41024000 Exception <a 'java/security/PrivilegedActionException'> (0x00000000d5efd120) thrown at [C:\jenkins\workspace\8-2-build-windows-amd64-cygwin\jdk8u301\1513\hotspot\src\share\vm\prims\jvm.cpp, line 1523]
Event: 1.093 Thread 0x0000029e41024000 Exception <a 'java/security/PrivilegedActionException'> (0x00000000d5efe720) thrown at [C:\jenkins\workspace\8-2-build-windows-amd64-cygwin\jdk8u301\1513\hotspot\src\share\vm\prims\jvm.cpp, line 1523]
Event: 1.093 Thread 0x0000029e41024000 Exception <a 'java/security/PrivilegedActionException'> (0x00000000d5efe930) thrown at [C:\jenkins\workspace\8-2-build-windows-amd64-cygwin\jdk8u301\1513\hotspot\src\share\vm\prims\jvm.cpp, line 1523]
Event: 1.093 Thread 0x0000029e41024000 Exception <a 'java/security/PrivilegedActionException'> (0x00000000d5efffc0) thrown at [C:\jenkins\workspace\8-2-build-windows-amd64-cygwin\jdk8u301\1513\hotspot\src\share\vm\prims\jvm.cpp, line 1523]
Event: 1.093 Thread 0x0000029e41024000 Exception <a 'java/security/PrivilegedActionException'> (0x00000000d5f001d0) thrown at [C:\jenkins\workspace\8-2-build-windows-amd64-cygwin\jdk8u301\1513\hotspot\src\share\vm\prims\jvm.cpp, line 1523]
Event: 1.093 Thread 0x0000029e41024000 Exception <a 'java/security/PrivilegedActionException'> (0x00000000d5f017d0) thrown at [C:\jenkins\workspace\8-2-build-windows-amd64-cygwin\jdk8u301\1513\hotspot\src\share\vm\prims\jvm.cpp, line 1523]
Event: 1.093 Thread 0x0000029e41024000 Exception <a 'java/security/PrivilegedActionException'> (0x00000000d5f019e0) thrown at [C:\jenkins\workspace\8-2-build-windows-amd64-cygwin\jdk8u301\1513\hotspot\src\share\vm\prims\jvm.cpp, line 1523]

Events (10 events):
Event: 1.094 Thread 0x0000029e41024000 DEOPT UNPACKING pc=0x0000029e42b17898 sp=0x000000dad80fb890 mode 0
Event: 1.097 Thread 0x0000029e41024000 DEOPT PACKING pc=0x0000029e42cac20c sp=0x000000dad80fba30
Event: 1.097 Thread 0x0000029e41024000 DEOPT UNPACKING pc=0x0000029e42b17898 sp=0x000000dad80fb8a8 mode 0
Event: 1.102 Thread 0x0000029e41024000 Uncommon trap: trap_request=0xffffffde fr.pc=0x0000029e42c76c04
Event: 1.102 Thread 0x0000029e41024000 DEOPT PACKING pc=0x0000029e42c76c04 sp=0x000000dad80fdb30
Event: 1.102 Thread 0x0000029e41024000 DEOPT UNPACKING pc=0x0000029e42b15843 sp=0x000000dad80fdb08 mode 2
Event: 1.102 loading class com/sun/tools/javac/util/DiagnosticSource
Event: 1.102 loading class com/sun/tools/javac/util/DiagnosticSource done
Event: 1.103 loading class com/sun/tools/javac/util/DiagnosticSource$1
Event: 1.103 loading class com/sun/tools/javac/util/DiagnosticSource$1 done


Dynamic libraries:
0x00007ff6ae6e0000 - 0x00007ff6ae6e7000 	C:\Program Files\Java\jdk1.8.0_301\bin\javac.exe
0x00007ff937270000 - 0x00007ff93745d000 	C:\Windows\SYSTEM32\ntdll.dll
0x00007ff937180000 - 0x00007ff937233000 	C:\Windows\System32\KERNEL32.DLL
0x00007ff933720000 - 0x00007ff9339b5000 	C:\Windows\System32\KERNELBASE.dll
0x00007ff933390000 - 0x00007ff93348a000 	C:\Windows\System32\ucrtbase.dll
0x00007ff8eca60000 - 0x00007ff8eca9f000 	C:\Program Files\Java\jdk1.8.0_301\bin\jli.dll
0x00007ff936f70000 - 0x00007ff937013000 	C:\Windows\System32\ADVAPI32.dll
0x00007ff935130000 - 0x00007ff9351ce000 	C:\Windows\System32\msvcrt.dll
0x00007ff9344f0000 - 0x00007ff93458e000 	C:\Windows\System32\sechost.dll
0x00007ff934f30000 - 0x00007ff935052000 	C:\Windows\System32\RPCRT4.dll
0x00007ff934590000 - 0x00007ff934727000 	C:\Windows\System32\USER32.dll
0x00007ff933560000 - 0x00007ff933580000 	C:\Windows\System32\win32u.dll
0x00007ff934730000 - 0x00007ff934759000 	C:\Windows\System32\GDI32.dll
0x00007ff933580000 - 0x00007ff933719000 	C:\Windows\System32\gdi32full.dll
0x00007ff933bd0000 - 0x00007ff933c70000 	C:\Windows\System32\msvcp_win.dll
0x00007ff8ec940000 - 0x00007ff8ec955000 	C:\Program Files\Java\jdk1.8.0_301\bin\VCRUNTIME140.dll
0x00007ff9270b0000 - 0x00007ff927329000 	C:\Windows\WinSxS\amd64_microsoft.windows.common-controls_6595b64144ccf1df_6.0.17763.1192_none_de76b76053465515\COMCTL32.dll
0x00007ff934760000 - 0x00007ff934a8c000 	C:\Windows\System32\combase.dll
0x00007ff9334e0000 - 0x00007ff93355e000 	C:\Windows\System32\bcryptPrimitives.dll
0x00007ff934da0000 - 0x00007ff934dce000 	C:\Windows\System32\IMM32.DLL
0x00007ff90cab0000 - 0x00007ff90cac5000 	C:\Program Files\Java\jdk1.8.0_301\jre\bin\vcruntime140.dll
0x00007ff90ca10000 - 0x00007ff90caab000 	C:\Program Files\Java\jdk1.8.0_301\jre\bin\msvcp140.dll
0x0000000054d50000 - 0x00000000555b0000 	C:\Program Files\Java\jdk1.8.0_301\jre\bin\server\jvm.dll
0x00007ff934be0000 - 0x00007ff934be8000 	C:\Windows\System32\PSAPI.DLL
0x00007ff9314c0000 - 0x00007ff9314e4000 	C:\Windows\SYSTEM32\WINMM.dll
0x00007ff928bf0000 - 0x00007ff928bf9000 	C:\Windows\SYSTEM32\WSOCK32.dll
0x00007ff934b70000 - 0x00007ff934bdd000 	C:\Windows\System32\WS2_32.dll
0x00007ff9295d0000 - 0x00007ff9295da000 	C:\Windows\SYSTEM32\VERSION.dll
0x00007ff931490000 - 0x00007ff9314bd000 	C:\Windows\SYSTEM32\WINMMBASE.dll
0x00007ff933490000 - 0x00007ff9334da000 	C:\Windows\System32\cfgmgr32.dll
0x00007ff933280000 - 0x00007ff933291000 	C:\Windows\System32\kernel.appcore.dll
0x00007ff91bb30000 - 0x00007ff91bb40000 	C:\Program Files\Java\jdk1.8.0_301\jre\bin\verify.dll
0x00007ff8f6760000 - 0x00007ff8f678b000 	C:\Program Files\Java\jdk1.8.0_301\jre\bin\java.dll
0x00007ff8f6740000 - 0x00007ff8f6758000 	C:\Program Files\Java\jdk1.8.0_301\jre\bin\zip.dll
0x00007ff935940000 - 0x00007ff936e34000 	C:\Windows\System32\SHELL32.dll
0x00007ff935410000 - 0x00007ff9354b8000 	C:\Windows\System32\shcore.dll
0x00007ff933c70000 - 0x00007ff9343bd000 	C:\Windows\System32\windows.storage.dll
0x00007ff933300000 - 0x00007ff933324000 	C:\Windows\System32\profapi.dll
0x00007ff9332a0000 - 0x00007ff9332fd000 	C:\Windows\System32\powrprof.dll
0x00007ff934e30000 - 0x00007ff934e82000 	C:\Windows\System32\shlwapi.dll
0x00007ff9343c0000 - 0x00007ff9343d7000 	C:\Windows\System32\cryptsp.dll
0x00007ff916790000 - 0x00007ff91697d000 	C:\Windows\system32\DBGHELP.DLL
0x00007ff928900000 - 0x00007ff92892a000 	C:\Windows\SYSTEM32\dbgcore.DLL

VM Arguments:
jvm_args: -Dapplication.home=C:\Program Files\Java\jdk1.8.0_301 -Xms8m 
java_command: com.sun.tools.javac.Main @C:/Users/rahul.chadha/AppData/Local/Temp/5/org.codehaus.plexus.compiler.javac.JavacCompiler2827125858549736107arguments
java_class_path (initial): C:\Program Files\Java\jdk1.8.0_301/lib/tools.jar;C:\Program Files\Java\jdk1.8.0_301/classes
Launcher Type: SUN_STANDARD

Environment Variables:
JAVA_HOME=C:\Program Files\Java\jdk1.8.0_301
JRE_HOME=C:\Program Files\Java\jre1.8.0_301
PATH=C:\Program Files (x86)\Common Files\Oracle\Java\javapath;C:\Windows\system32;C:\Windows;C:\Windows\System32\Wbem;C:\Windows\System32\WindowsPowerShell\v1.0\;C:\Windows\System32\OpenSSH\;C:\Program Files\Amazon\cfn-bootstrap\;C:\gene\java\bin\;C:\Users\rahul.chadha\Desktop\Softwares\apache-maven-3.8.3-bin\apache-maven-3.8.3\bin;C:\Program Files\Git\cmd;C:\Program Files\Java\jdk1.8.0_301\bin;C:\Program Files\Java\jre1.8.0_301\bin;C:\Users\rahul.chadha\AppData\Local\Microsoft\WindowsApps
USERNAME=rahul.chadha
OS=Windows_NT
PROCESSOR_IDENTIFIER=Intel64 Family 6 Model 85 Stepping 4, GenuineIntel



---------------  S Y S T E M  ---------------

OS: Windows 10.0 , 64 bit Build 17763 (10.0.17763.1158)

CPU:total 2 (initial active 2) (1 cores per cpu, 2 threads per core) family 6 model 85 stepping 4, cmov, cx8, fxsr, mmx, sse, sse2, sse3, ssse3, sse4.1, sse4.2, popcnt, avx, avx2, aes, clmul, erms, rtm, 3dnowpref, lzcnt, ht, tsc, tscinvbit, bmi1, bmi2, adx

Memory: 4k page, physical 8283740k(303324k free), swap 16147800k(5572k free)

vm_info: Java HotSpot(TM) 64-Bit Server VM (25.301-b09) for windows-amd64 JRE (1.8.0_301-b09), built on Jun  9 2021 06:46:21 by "java_re" with MS VC++ 15.9 (VS2017)

time: Thu Nov 18 08:22:57 2021
timezone: Coordinated Universal Time
elapsed time: 1.155982 seconds (0d 0h 0m 1s)

