#
# There is insufficient memory for the Java Runtime Environment to continue.
# Native memory allocation (malloc) failed to allocate 1158576 bytes for Chunk::new
# Possible reasons:
#   The system is out of physical RAM or swap space
#   The process is running with CompressedOops enabled, and the Java Heap may be blocking the growth of the native heap
# Possible solutions:
#   Reduce memory load on the system
#   Increase physical memory or swap space
#   Check if swap backing store is full
#   Decrease Java heap size (-Xmx/-Xms)
#   Decrease number of Java threads
#   Decrease Java thread stack sizes (-Xss)
#   Set larger code cache with -XX:ReservedCodeCacheSize=
#   JVM is running with Unscaled Compressed Oops mode in which the Java heap is
#     placed in the first 4GB address space. The Java Heap base address is the
#     maximum limit for the native heap growth. Please use -XX:HeapBaseMinAddress
#     to set the Java Heap base and to place the Java Heap above 4GB virtual address.
# This output file may be truncated or incomplete.
#
#  Out of Memory Error (arena.cpp:189), pid=21772, tid=41272
#
# JRE version: OpenJDK Runtime Environment Temurin-17+35 (17.0+35) (build 17+35)
# Java VM: OpenJDK 64-Bit Server VM Temurin-17+35 (17+35, mixed mode, tiered, compressed oops, compressed class ptrs, g1 gc, windows-amd64)
# Core dump will be written. Default location: C:\Users\rahul.chadha\Desktop\EclipseWorkspace\CCPA_project\hs_err_pid21772.mdmp
#

---------------  S U M M A R Y ------------

Command Line: -Dmaven.home=EMBEDDED -Dclassworlds.conf=C:\Users\rahul.chadha\Desktop\EclipseWorkspace\.metadata\.plugins\org.eclipse.m2e.launching\launches\m2conf92395980725434194.tmp -Dmaven.multiModuleProjectDirectory=C:\Users\rahul.chadha\Desktop\EclipseWorkspace\CCPA_project -Dfile.encoding=Cp1252 -XX:+ShowCodeDetailsInExceptionMessages org.codehaus.plexus.classworlds.launcher.Launcher -B test

Host: Intel(R) Xeon(R) Platinum 8175M CPU @ 2.50GHz, 2 cores, 7G,  Windows Server 2019 , 64 bit Build 17763 (10.0.17763.1158)
Time: Fri Nov 19 09:37:24 2021 Coordinated Universal Time elapsed time: 4.888841 seconds (0d 0h 0m 4s)

---------------  T H R E A D  ---------------

Current thread (0x0000016c0492a290):  JavaThread "C2 CompilerThread0" daemon [_thread_in_native, id=41272, stack(0x000000455d800000,0x000000455d900000)]


Current CompileTask:
C2:   4888 2775       4       org.eclipse.sisu.inject.LocatedBeans$Itr::hasNext (161 bytes)

Stack: [0x000000455d800000,0x000000455d900000]
Native frames: (J=compiled Java code, j=interpreted, Vv=VM code, C=native code)
V  [jvm.dll+0x674afa]
V  [jvm.dll+0x82eb44]
V  [jvm.dll+0x8302ee]
V  [jvm.dll+0x830953]
V  [jvm.dll+0x245335]
V  [jvm.dll+0xab52b]
V  [jvm.dll+0xababc]
V  [jvm.dll+0x3632a2]
V  [jvm.dll+0x32d6c1]
V  [jvm.dll+0x32cb6a]
V  [jvm.dll+0x2181f1]
V  [jvm.dll+0x217611]
V  [jvm.dll+0x1a356d]
V  [jvm.dll+0x226ff8]
V  [jvm.dll+0x22513c]
V  [jvm.dll+0x7e47fb]
V  [jvm.dll+0x7dedba]
V  [jvm.dll+0x673925]
C  [ucrtbase.dll+0x21ffa]
C  [KERNEL32.DLL+0x17974]
C  [ntdll.dll+0x6a271]


---------------  P R O C E S S  ---------------

Threads class SMR info:
_java_thread_list=0x0000016c04a3eb80, length=12, elements={
0x0000016c6855f1f0, 0x0000016c7f76bbb0, 0x0000016c7f76dae0, 0x0000016c7f7ca410,
0x0000016c7f7a5530, 0x0000016c7f7a7ff0, 0x0000016c04929500, 0x0000016c0492a290,
0x0000016c04915210, 0x0000016c049166e0, 0x0000016c04a6c790, 0x0000016c04a80c70
}

Java Threads: ( => current thread )
  0x0000016c6855f1f0 JavaThread "main" [_thread_in_Java, id=43920, stack(0x000000455cb00000,0x000000455cc00000)]
  0x0000016c7f76bbb0 JavaThread "Reference Handler" daemon [_thread_blocked, id=43232, stack(0x000000455d200000,0x000000455d300000)]
  0x0000016c7f76dae0 JavaThread "Finalizer" daemon [_thread_blocked, id=7932, stack(0x000000455d300000,0x000000455d400000)]
  0x0000016c7f7ca410 JavaThread "Signal Dispatcher" daemon [_thread_blocked, id=48064, stack(0x000000455d400000,0x000000455d500000)]
  0x0000016c7f7a5530 JavaThread "Attach Listener" daemon [_thread_blocked, id=43568, stack(0x000000455d500000,0x000000455d600000)]
  0x0000016c7f7a7ff0 JavaThread "Service Thread" daemon [_thread_blocked, id=46772, stack(0x000000455d600000,0x000000455d700000)]
  0x0000016c04929500 JavaThread "Monitor Deflation Thread" daemon [_thread_blocked, id=47328, stack(0x000000455d700000,0x000000455d800000)]
=>0x0000016c0492a290 JavaThread "C2 CompilerThread0" daemon [_thread_in_native, id=41272, stack(0x000000455d800000,0x000000455d900000)]
  0x0000016c04915210 JavaThread "C1 CompilerThread0" daemon [_thread_blocked, id=40788, stack(0x000000455d900000,0x000000455da00000)]
  0x0000016c049166e0 JavaThread "Sweeper thread" daemon [_thread_blocked, id=42856, stack(0x000000455da00000,0x000000455db00000)]
  0x0000016c04a6c790 JavaThread "Notification Thread" daemon [_thread_blocked, id=44492, stack(0x000000455db00000,0x000000455dc00000)]
  0x0000016c04a80c70 JavaThread "Common-Cleaner" daemon [_thread_blocked, id=44940, stack(0x000000455dd00000,0x000000455de00000)]

Other Threads:
  0x0000016c7f75ba30 VMThread "VM Thread" [stack: 0x000000455d100000,0x000000455d200000] [id=47420]
  0x0000016c04a76c90 WatcherThread [stack: 0x000000455dc00000,0x000000455dd00000] [id=7824]
  0x0000016c6859c2f0 GCTaskThread "GC Thread#0" [stack: 0x000000455cc00000,0x000000455cd00000] [id=47464]
  0x0000016c04ea7440 GCTaskThread "GC Thread#1" [stack: 0x000000455de00000,0x000000455df00000] [id=44948]
  0x0000016c685acf40 ConcurrentGCThread "G1 Main Marker" [stack: 0x000000455cd00000,0x000000455ce00000] [id=47344]
  0x0000016c685af660 ConcurrentGCThread "G1 Conc#0" [stack: 0x000000455ce00000,0x000000455cf00000] [id=47912]
  0x0000016c6861c1a0 ConcurrentGCThread "G1 Refine#0" [stack: 0x000000455cf00000,0x000000455d000000] [id=46528]
  0x0000016c6861d8c0 ConcurrentGCThread "G1 Service" [stack: 0x000000455d000000,0x000000455d100000] [id=47536]

Threads with active compile tasks:
C2 CompilerThread0     4921 2775       4       org.eclipse.sisu.inject.LocatedBeans$Itr::hasNext (161 bytes)

VM state: not at safepoint (normal execution)

VM Mutex/Monitor currently owned by a thread: None

Heap address: 0x0000000081800000, size: 2024 MB, Compressed Oops mode: 32-bit

CDS archive(s) not mapped
Compressed class space mapped at: 0x0000000100000000-0x0000000140000000, reserved size: 1073741824
Narrow klass base: 0x0000000000000000, Narrow klass shift: 3, Narrow klass range: 0x140000000

GC Precious Log:
 CPUs: 2 total, 2 available
 Memory: 8089M
 Large Page Support: Disabled
 NUMA Support: Disabled
 Compressed Oops: Enabled (32-bit)
 Heap Region Size: 1M
 Heap Min Capacity: 8M
 Heap Initial Capacity: 128M
 Heap Max Capacity: 2024M
 Pre-touch: Disabled
 Parallel Workers: 2
 Concurrent Workers: 1
 Concurrent Refinement Workers: 2
 Periodic GC: Disabled

Heap:
 garbage-first heap   total 131072K, used 65283K [0x0000000081800000, 0x0000000100000000)
  region size 1024K, 63 young (64512K), 2 survivors (2048K)
 Metaspace       used 20796K, committed 20992K, reserved 1073152K
  class space    used 2167K, committed 2240K, reserved 1048576K

Heap Regions: E=young(eden), S=young(survivor), O=old, HS=humongous(starts), HC=humongous(continues), CS=collection set, F=free, OA=open archive, CA=closed archive, TAMS=top-at-mark-start (previous, next)
|   0|0x0000000081800000, 0x0000000081900000, 0x0000000081900000|100%| O|  |TAMS 0x0000000081800000, 0x0000000081800000| Untracked 
|   1|0x0000000081900000, 0x0000000081a00000, 0x0000000081a00000|100%| O|  |TAMS 0x0000000081900000, 0x0000000081900000| Untracked 
|   2|0x0000000081a00000, 0x0000000081a27c00, 0x0000000081b00000| 15%| O|  |TAMS 0x0000000081a00000, 0x0000000081a00000| Untracked 
|   3|0x0000000081b00000, 0x0000000081b00000, 0x0000000081c00000|  0%| F|  |TAMS 0x0000000081b00000, 0x0000000081b00000| Untracked 
|   4|0x0000000081c00000, 0x0000000081c00000, 0x0000000081d00000|  0%| F|  |TAMS 0x0000000081c00000, 0x0000000081c00000| Untracked 
|   5|0x0000000081d00000, 0x0000000081d00000, 0x0000000081e00000|  0%| F|  |TAMS 0x0000000081d00000, 0x0000000081d00000| Untracked 
|   6|0x0000000081e00000, 0x0000000081e00000, 0x0000000081f00000|  0%| F|  |TAMS 0x0000000081e00000, 0x0000000081e00000| Untracked 
|   7|0x0000000081f00000, 0x0000000081f00000, 0x0000000082000000|  0%| F|  |TAMS 0x0000000081f00000, 0x0000000081f00000| Untracked 
|   8|0x0000000082000000, 0x0000000082000000, 0x0000000082100000|  0%| F|  |TAMS 0x0000000082000000, 0x0000000082000000| Untracked 
|   9|0x0000000082100000, 0x0000000082100000, 0x0000000082200000|  0%| F|  |TAMS 0x0000000082100000, 0x0000000082100000| Untracked 
|  10|0x0000000082200000, 0x0000000082200000, 0x0000000082300000|  0%| F|  |TAMS 0x0000000082200000, 0x0000000082200000| Untracked 
|  11|0x0000000082300000, 0x0000000082300000, 0x0000000082400000|  0%| F|  |TAMS 0x0000000082300000, 0x0000000082300000| Untracked 
|  12|0x0000000082400000, 0x0000000082400000, 0x0000000082500000|  0%| F|  |TAMS 0x0000000082400000, 0x0000000082400000| Untracked 
|  13|0x0000000082500000, 0x0000000082500000, 0x0000000082600000|  0%| F|  |TAMS 0x0000000082500000, 0x0000000082500000| Untracked 
|  14|0x0000000082600000, 0x0000000082600000, 0x0000000082700000|  0%| F|  |TAMS 0x0000000082600000, 0x0000000082600000| Untracked 
|  15|0x0000000082700000, 0x0000000082700000, 0x0000000082800000|  0%| F|  |TAMS 0x0000000082700000, 0x0000000082700000| Untracked 
|  16|0x0000000082800000, 0x0000000082800000, 0x0000000082900000|  0%| F|  |TAMS 0x0000000082800000, 0x0000000082800000| Untracked 
|  17|0x0000000082900000, 0x0000000082900000, 0x0000000082a00000|  0%| F|  |TAMS 0x0000000082900000, 0x0000000082900000| Untracked 
|  18|0x0000000082a00000, 0x0000000082a00000, 0x0000000082b00000|  0%| F|  |TAMS 0x0000000082a00000, 0x0000000082a00000| Untracked 
|  19|0x0000000082b00000, 0x0000000082b00000, 0x0000000082c00000|  0%| F|  |TAMS 0x0000000082b00000, 0x0000000082b00000| Untracked 
|  20|0x0000000082c00000, 0x0000000082c00000, 0x0000000082d00000|  0%| F|  |TAMS 0x0000000082c00000, 0x0000000082c00000| Untracked 
|  21|0x0000000082d00000, 0x0000000082d00000, 0x0000000082e00000|  0%| F|  |TAMS 0x0000000082d00000, 0x0000000082d00000| Untracked 
|  22|0x0000000082e00000, 0x0000000082e00000, 0x0000000082f00000|  0%| F|  |TAMS 0x0000000082e00000, 0x0000000082e00000| Untracked 
|  23|0x0000000082f00000, 0x0000000082f00000, 0x0000000083000000|  0%| F|  |TAMS 0x0000000082f00000, 0x0000000082f00000| Untracked 
|  24|0x0000000083000000, 0x0000000083000000, 0x0000000083100000|  0%| F|  |TAMS 0x0000000083000000, 0x0000000083000000| Untracked 
|  25|0x0000000083100000, 0x0000000083100000, 0x0000000083200000|  0%| F|  |TAMS 0x0000000083100000, 0x0000000083100000| Untracked 
|  26|0x0000000083200000, 0x0000000083200000, 0x0000000083300000|  0%| F|  |TAMS 0x0000000083200000, 0x0000000083200000| Untracked 
|  27|0x0000000083300000, 0x0000000083300000, 0x0000000083400000|  0%| F|  |TAMS 0x0000000083300000, 0x0000000083300000| Untracked 
|  28|0x0000000083400000, 0x0000000083400000, 0x0000000083500000|  0%| F|  |TAMS 0x0000000083400000, 0x0000000083400000| Untracked 
|  29|0x0000000083500000, 0x0000000083500000, 0x0000000083600000|  0%| F|  |TAMS 0x0000000083500000, 0x0000000083500000| Untracked 
|  30|0x0000000083600000, 0x0000000083600000, 0x0000000083700000|  0%| F|  |TAMS 0x0000000083600000, 0x0000000083600000| Untracked 
|  31|0x0000000083700000, 0x0000000083700000, 0x0000000083800000|  0%| F|  |TAMS 0x0000000083700000, 0x0000000083700000| Untracked 
|  32|0x0000000083800000, 0x0000000083800000, 0x0000000083900000|  0%| F|  |TAMS 0x0000000083800000, 0x0000000083800000| Untracked 
|  33|0x0000000083900000, 0x0000000083900000, 0x0000000083a00000|  0%| F|  |TAMS 0x0000000083900000, 0x0000000083900000| Untracked 
|  34|0x0000000083a00000, 0x0000000083a00000, 0x0000000083b00000|  0%| F|  |TAMS 0x0000000083a00000, 0x0000000083a00000| Untracked 
|  35|0x0000000083b00000, 0x0000000083b00000, 0x0000000083c00000|  0%| F|  |TAMS 0x0000000083b00000, 0x0000000083b00000| Untracked 
|  36|0x0000000083c00000, 0x0000000083c00000, 0x0000000083d00000|  0%| F|  |TAMS 0x0000000083c00000, 0x0000000083c00000| Untracked 
|  37|0x0000000083d00000, 0x0000000083d00000, 0x0000000083e00000|  0%| F|  |TAMS 0x0000000083d00000, 0x0000000083d00000| Untracked 
|  38|0x0000000083e00000, 0x0000000083e00000, 0x0000000083f00000|  0%| F|  |TAMS 0x0000000083e00000, 0x0000000083e00000| Untracked 
|  39|0x0000000083f00000, 0x0000000083f00000, 0x0000000084000000|  0%| F|  |TAMS 0x0000000083f00000, 0x0000000083f00000| Untracked 
|  40|0x0000000084000000, 0x0000000084000000, 0x0000000084100000|  0%| F|  |TAMS 0x0000000084000000, 0x0000000084000000| Untracked 
|  41|0x0000000084100000, 0x0000000084100000, 0x0000000084200000|  0%| F|  |TAMS 0x0000000084100000, 0x0000000084100000| Untracked 
|  42|0x0000000084200000, 0x0000000084200000, 0x0000000084300000|  0%| F|  |TAMS 0x0000000084200000, 0x0000000084200000| Untracked 
|  43|0x0000000084300000, 0x0000000084300000, 0x0000000084400000|  0%| F|  |TAMS 0x0000000084300000, 0x0000000084300000| Untracked 
|  44|0x0000000084400000, 0x0000000084400000, 0x0000000084500000|  0%| F|  |TAMS 0x0000000084400000, 0x0000000084400000| Untracked 
|  45|0x0000000084500000, 0x0000000084500000, 0x0000000084600000|  0%| F|  |TAMS 0x0000000084500000, 0x0000000084500000| Untracked 
|  46|0x0000000084600000, 0x0000000084600000, 0x0000000084700000|  0%| F|  |TAMS 0x0000000084600000, 0x0000000084600000| Untracked 
|  47|0x0000000084700000, 0x0000000084700000, 0x0000000084800000|  0%| F|  |TAMS 0x0000000084700000, 0x0000000084700000| Untracked 
|  48|0x0000000084800000, 0x0000000084800000, 0x0000000084900000|  0%| F|  |TAMS 0x0000000084800000, 0x0000000084800000| Untracked 
|  49|0x0000000084900000, 0x0000000084900000, 0x0000000084a00000|  0%| F|  |TAMS 0x0000000084900000, 0x0000000084900000| Untracked 
|  50|0x0000000084a00000, 0x0000000084a00000, 0x0000000084b00000|  0%| F|  |TAMS 0x0000000084a00000, 0x0000000084a00000| Untracked 
|  51|0x0000000084b00000, 0x0000000084b00000, 0x0000000084c00000|  0%| F|  |TAMS 0x0000000084b00000, 0x0000000084b00000| Untracked 
|  52|0x0000000084c00000, 0x0000000084c00000, 0x0000000084d00000|  0%| F|  |TAMS 0x0000000084c00000, 0x0000000084c00000| Untracked 
|  53|0x0000000084d00000, 0x0000000084d00000, 0x0000000084e00000|  0%| F|  |TAMS 0x0000000084d00000, 0x0000000084d00000| Untracked 
|  54|0x0000000084e00000, 0x0000000084e00000, 0x0000000084f00000|  0%| F|  |TAMS 0x0000000084e00000, 0x0000000084e00000| Untracked 
|  55|0x0000000084f00000, 0x0000000084f00000, 0x0000000085000000|  0%| F|  |TAMS 0x0000000084f00000, 0x0000000084f00000| Untracked 
|  56|0x0000000085000000, 0x0000000085000000, 0x0000000085100000|  0%| F|  |TAMS 0x0000000085000000, 0x0000000085000000| Untracked 
|  57|0x0000000085100000, 0x0000000085100000, 0x0000000085200000|  0%| F|  |TAMS 0x0000000085100000, 0x0000000085100000| Untracked 
|  58|0x0000000085200000, 0x0000000085200000, 0x0000000085300000|  0%| F|  |TAMS 0x0000000085200000, 0x0000000085200000| Untracked 
|  59|0x0000000085300000, 0x0000000085300000, 0x0000000085400000|  0%| F|  |TAMS 0x0000000085300000, 0x0000000085300000| Untracked 
|  60|0x0000000085400000, 0x0000000085400000, 0x0000000085500000|  0%| F|  |TAMS 0x0000000085400000, 0x0000000085400000| Untracked 
|  61|0x0000000085500000, 0x0000000085500000, 0x0000000085600000|  0%| F|  |TAMS 0x0000000085500000, 0x0000000085500000| Untracked 
|  62|0x0000000085600000, 0x0000000085600000, 0x0000000085700000|  0%| F|  |TAMS 0x0000000085600000, 0x0000000085600000| Untracked 
|  63|0x0000000085700000, 0x0000000085700000, 0x0000000085800000|  0%| F|  |TAMS 0x0000000085700000, 0x0000000085700000| Untracked 
|  64|0x0000000085800000, 0x0000000085800000, 0x0000000085900000|  0%| F|  |TAMS 0x0000000085800000, 0x0000000085800000| Untracked 
|  65|0x0000000085900000, 0x0000000085a00000, 0x0000000085a00000|100%| E|  |TAMS 0x0000000085900000, 0x0000000085900000| Complete 
|  66|0x0000000085a00000, 0x0000000085b00000, 0x0000000085b00000|100%| E|CS|TAMS 0x0000000085a00000, 0x0000000085a00000| Complete 
|  67|0x0000000085b00000, 0x0000000085c00000, 0x0000000085c00000|100%| E|CS|TAMS 0x0000000085b00000, 0x0000000085b00000| Complete 
|  68|0x0000000085c00000, 0x0000000085d00000, 0x0000000085d00000|100%| E|CS|TAMS 0x0000000085c00000, 0x0000000085c00000| Complete 
|  69|0x0000000085d00000, 0x0000000085e00000, 0x0000000085e00000|100%| E|CS|TAMS 0x0000000085d00000, 0x0000000085d00000| Complete 
|  70|0x0000000085e00000, 0x0000000085f00000, 0x0000000085f00000|100%| E|CS|TAMS 0x0000000085e00000, 0x0000000085e00000| Complete 
|  71|0x0000000085f00000, 0x0000000086000000, 0x0000000086000000|100%| E|CS|TAMS 0x0000000085f00000, 0x0000000085f00000| Complete 
|  72|0x0000000086000000, 0x0000000086100000, 0x0000000086100000|100%| E|CS|TAMS 0x0000000086000000, 0x0000000086000000| Complete 
|  73|0x0000000086100000, 0x0000000086200000, 0x0000000086200000|100%| E|CS|TAMS 0x0000000086100000, 0x0000000086100000| Complete 
|  74|0x0000000086200000, 0x0000000086300000, 0x0000000086300000|100%| E|CS|TAMS 0x0000000086200000, 0x0000000086200000| Complete 
|  75|0x0000000086300000, 0x0000000086400000, 0x0000000086400000|100%| E|CS|TAMS 0x0000000086300000, 0x0000000086300000| Complete 
|  76|0x0000000086400000, 0x0000000086500000, 0x0000000086500000|100%| E|CS|TAMS 0x0000000086400000, 0x0000000086400000| Complete 
|  77|0x0000000086500000, 0x0000000086600000, 0x0000000086600000|100%| E|CS|TAMS 0x0000000086500000, 0x0000000086500000| Complete 
|  78|0x0000000086600000, 0x0000000086700000, 0x0000000086700000|100%| E|CS|TAMS 0x0000000086600000, 0x0000000086600000| Complete 
|  79|0x0000000086700000, 0x0000000086800000, 0x0000000086800000|100%| E|CS|TAMS 0x0000000086700000, 0x0000000086700000| Complete 
|  80|0x0000000086800000, 0x0000000086900000, 0x0000000086900000|100%| E|CS|TAMS 0x0000000086800000, 0x0000000086800000| Complete 
|  81|0x0000000086900000, 0x0000000086a00000, 0x0000000086a00000|100%| E|CS|TAMS 0x0000000086900000, 0x0000000086900000| Complete 
|  82|0x0000000086a00000, 0x0000000086b00000, 0x0000000086b00000|100%| E|CS|TAMS 0x0000000086a00000, 0x0000000086a00000| Complete 
|  83|0x0000000086b00000, 0x0000000086c00000, 0x0000000086c00000|100%| E|CS|TAMS 0x0000000086b00000, 0x0000000086b00000| Complete 
|  84|0x0000000086c00000, 0x0000000086d00000, 0x0000000086d00000|100%| E|CS|TAMS 0x0000000086c00000, 0x0000000086c00000| Complete 
|  85|0x0000000086d00000, 0x0000000086e00000, 0x0000000086e00000|100%| E|CS|TAMS 0x0000000086d00000, 0x0000000086d00000| Complete 
|  86|0x0000000086e00000, 0x0000000086f00000, 0x0000000086f00000|100%| E|CS|TAMS 0x0000000086e00000, 0x0000000086e00000| Complete 
|  87|0x0000000086f00000, 0x0000000087000000, 0x0000000087000000|100%| E|CS|TAMS 0x0000000086f00000, 0x0000000086f00000| Complete 
|  88|0x0000000087000000, 0x0000000087100000, 0x0000000087100000|100%| E|CS|TAMS 0x0000000087000000, 0x0000000087000000| Complete 
|  89|0x0000000087100000, 0x0000000087200000, 0x0000000087200000|100%| E|CS|TAMS 0x0000000087100000, 0x0000000087100000| Complete 
|  90|0x0000000087200000, 0x0000000087300000, 0x0000000087300000|100%| E|CS|TAMS 0x0000000087200000, 0x0000000087200000| Complete 
|  91|0x0000000087300000, 0x0000000087400000, 0x0000000087400000|100%| E|CS|TAMS 0x0000000087300000, 0x0000000087300000| Complete 
|  92|0x0000000087400000, 0x0000000087500000, 0x0000000087500000|100%| E|CS|TAMS 0x0000000087400000, 0x0000000087400000| Complete 
|  93|0x0000000087500000, 0x0000000087600000, 0x0000000087600000|100%| E|CS|TAMS 0x0000000087500000, 0x0000000087500000| Complete 
|  94|0x0000000087600000, 0x0000000087700000, 0x0000000087700000|100%| E|CS|TAMS 0x0000000087600000, 0x0000000087600000| Complete 
|  95|0x0000000087700000, 0x0000000087800000, 0x0000000087800000|100%| E|CS|TAMS 0x0000000087700000, 0x0000000087700000| Complete 
|  96|0x0000000087800000, 0x0000000087900000, 0x0000000087900000|100%| E|CS|TAMS 0x0000000087800000, 0x0000000087800000| Complete 
|  97|0x0000000087900000, 0x0000000087a00000, 0x0000000087a00000|100%| E|CS|TAMS 0x0000000087900000, 0x0000000087900000| Complete 
|  98|0x0000000087a00000, 0x0000000087b00000, 0x0000000087b00000|100%| E|CS|TAMS 0x0000000087a00000, 0x0000000087a00000| Complete 
|  99|0x0000000087b00000, 0x0000000087c00000, 0x0000000087c00000|100%| E|CS|TAMS 0x0000000087b00000, 0x0000000087b00000| Complete 
| 100|0x0000000087c00000, 0x0000000087d00000, 0x0000000087d00000|100%| E|CS|TAMS 0x0000000087c00000, 0x0000000087c00000| Complete 
| 101|0x0000000087d00000, 0x0000000087e00000, 0x0000000087e00000|100%| E|CS|TAMS 0x0000000087d00000, 0x0000000087d00000| Complete 
| 102|0x0000000087e00000, 0x0000000087f00000, 0x0000000087f00000|100%| E|CS|TAMS 0x0000000087e00000, 0x0000000087e00000| Complete 
| 103|0x0000000087f00000, 0x0000000088000000, 0x0000000088000000|100%| E|CS|TAMS 0x0000000087f00000, 0x0000000087f00000| Complete 
| 104|0x0000000088000000, 0x0000000088100000, 0x0000000088100000|100%| E|CS|TAMS 0x0000000088000000, 0x0000000088000000| Complete 
| 105|0x0000000088100000, 0x0000000088200000, 0x0000000088200000|100%| E|CS|TAMS 0x0000000088100000, 0x0000000088100000| Complete 
| 106|0x0000000088200000, 0x0000000088300000, 0x0000000088300000|100%| E|CS|TAMS 0x0000000088200000, 0x0000000088200000| Complete 
| 107|0x0000000088300000, 0x0000000088400000, 0x0000000088400000|100%| E|CS|TAMS 0x0000000088300000, 0x0000000088300000| Complete 
| 108|0x0000000088400000, 0x0000000088500000, 0x0000000088500000|100%| E|CS|TAMS 0x0000000088400000, 0x0000000088400000| Complete 
| 109|0x0000000088500000, 0x0000000088600000, 0x0000000088600000|100%| E|CS|TAMS 0x0000000088500000, 0x0000000088500000| Complete 
| 110|0x0000000088600000, 0x0000000088700000, 0x0000000088700000|100%| E|CS|TAMS 0x0000000088600000, 0x0000000088600000| Complete 
| 111|0x0000000088700000, 0x0000000088800000, 0x0000000088800000|100%| E|CS|TAMS 0x0000000088700000, 0x0000000088700000| Complete 
| 112|0x0000000088800000, 0x0000000088900000, 0x0000000088900000|100%| E|CS|TAMS 0x0000000088800000, 0x0000000088800000| Complete 
| 113|0x0000000088900000, 0x0000000088a00000, 0x0000000088a00000|100%| E|CS|TAMS 0x0000000088900000, 0x0000000088900000| Complete 
| 114|0x0000000088a00000, 0x0000000088b00000, 0x0000000088b00000|100%| E|CS|TAMS 0x0000000088a00000, 0x0000000088a00000| Complete 
| 115|0x0000000088b00000, 0x0000000088b99010, 0x0000000088c00000| 59%| S|CS|TAMS 0x0000000088b00000, 0x0000000088b00000| Complete 
| 116|0x0000000088c00000, 0x0000000088d00000, 0x0000000088d00000|100%| S|CS|TAMS 0x0000000088c00000, 0x0000000088c00000| Complete 
| 117|0x0000000088d00000, 0x0000000088e00000, 0x0000000088e00000|100%| E|CS|TAMS 0x0000000088d00000, 0x0000000088d00000| Complete 
| 118|0x0000000088e00000, 0x0000000088f00000, 0x0000000088f00000|100%| E|CS|TAMS 0x0000000088e00000, 0x0000000088e00000| Complete 
| 119|0x0000000088f00000, 0x0000000089000000, 0x0000000089000000|100%| E|CS|TAMS 0x0000000088f00000, 0x0000000088f00000| Complete 
| 120|0x0000000089000000, 0x0000000089100000, 0x0000000089100000|100%| E|CS|TAMS 0x0000000089000000, 0x0000000089000000| Complete 
| 121|0x0000000089100000, 0x0000000089200000, 0x0000000089200000|100%| E|CS|TAMS 0x0000000089100000, 0x0000000089100000| Complete 
| 122|0x0000000089200000, 0x0000000089300000, 0x0000000089300000|100%| E|CS|TAMS 0x0000000089200000, 0x0000000089200000| Complete 
| 123|0x0000000089300000, 0x0000000089400000, 0x0000000089400000|100%| E|CS|TAMS 0x0000000089300000, 0x0000000089300000| Complete 
| 124|0x0000000089400000, 0x0000000089500000, 0x0000000089500000|100%| E|CS|TAMS 0x0000000089400000, 0x0000000089400000| Complete 
| 125|0x0000000089500000, 0x0000000089600000, 0x0000000089600000|100%| E|CS|TAMS 0x0000000089500000, 0x0000000089500000| Complete 
| 126|0x0000000089600000, 0x0000000089700000, 0x0000000089700000|100%| E|CS|TAMS 0x0000000089600000, 0x0000000089600000| Complete 
| 127|0x0000000089700000, 0x0000000089800000, 0x0000000089800000|100%| E|CS|TAMS 0x0000000089700000, 0x0000000089700000| Complete 

Card table byte_map: [0x0000016c7cbd0000,0x0000016c7cfd0000] _byte_map_base: 0x0000016c7c7c4000

Marking Bits (Prev, Next): (CMBitMap*) 0x0000016c6859c900, (CMBitMap*) 0x0000016c6859c940
 Prev Bits: [0x0000016c7d3d0000, 0x0000016c7f370000)
 Next Bits: [0x0000016c00000000, 0x0000016c01fa0000)

Polling page: 0x0000016c68350000

Metaspace:

Usage:
  Non-class:     18.19 MB used.
      Class:      2.12 MB used.
       Both:     20.31 MB used.

Virtual space:
  Non-class space:       24.00 MB reserved,      18.31 MB ( 76%) committed,  3 nodes.
      Class space:        1.00 GB reserved,       2.19 MB ( <1%) committed,  1 nodes.
             Both:        1.02 GB reserved,      20.50 MB (  2%) committed. 

Chunk freelists:
   Non-Class:  1.09 MB
       Class:  1.70 MB
        Both:  2.79 MB

MaxMetaspaceSize: unlimited
CompressedClassSpaceSize: 1.00 GB
Initial GC threshold: 21.00 MB
Current GC threshold: 21.00 MB
CDS: off
MetaspaceReclaimPolicy: balanced
 - commit_granule_bytes: 65536.
 - commit_granule_words: 8192.
 - virtual_space_node_default_size: 1048576.
 - enlarge_chunks_in_place: 1.
 - new_chunks_are_fully_committed: 0.
 - uncommit_free_chunks: 1.
 - use_allocation_guard: 0.
 - handle_deallocations: 1.


Internal statistics:

num_allocs_failed_limit: 0.
num_arena_births: 64.
num_arena_deaths: 0.
num_vsnodes_births: 4.
num_vsnodes_deaths: 0.
num_space_committed: 328.
num_space_uncommitted: 0.
num_chunks_returned_to_freelist: 0.
num_chunks_taken_from_freelist: 496.
num_chunk_merges: 0.
num_chunk_splits: 344.
num_chunks_enlarged: 279.
num_purges: 0.
num_inconsistent_stats: 0.

CodeHeap 'non-profiled nmethods': size=120064Kb used=1128Kb max_used=1128Kb free=118935Kb
 bounds [0x0000016c74e90000, 0x0000016c75100000, 0x0000016c7c3d0000]
CodeHeap 'profiled nmethods': size=120000Kb used=5532Kb max_used=5532Kb free=114467Kb
 bounds [0x0000016c6d960000, 0x0000016c6ded0000, 0x0000016c74e90000]
CodeHeap 'non-nmethods': size=5696Kb used=1173Kb max_used=1225Kb free=4522Kb
 bounds [0x0000016c6d3d0000, 0x0000016c6d640000, 0x0000016c6d960000]
 total_blobs=3249 nmethods=2786 adapters=375
 compilation: enabled
              stopped_count=0, restarted_count=0
 full_count=0

Compilation events (20 events):
Event: 4.801 Thread 0x0000016c04915210 nmethod 2774 0x0000016c6debe710 code [0x0000016c6debe900, 0x0000016c6debee58]
Event: 4.823 Thread 0x0000016c0492a290 2775       4       org.eclipse.sisu.inject.LocatedBeans$Itr::hasNext (161 bytes)
Event: 4.838 Thread 0x0000016c04915210 2778       1       org.apache.maven.model.Model::getInceptionYear (5 bytes)
Event: 4.839 Thread 0x0000016c04915210 nmethod 2778 0x0000016c74fa8e10 code [0x0000016c74fa8fa0, 0x0000016c74fa9078]
Event: 4.839 Thread 0x0000016c04915210 2779       1       org.apache.maven.model.Model::getName (5 bytes)
Event: 4.839 Thread 0x0000016c04915210 nmethod 2779 0x0000016c74fa9110 code [0x0000016c74fa92a0, 0x0000016c74fa9378]
Event: 4.839 Thread 0x0000016c04915210 2780       1       org.apache.maven.model.Model::getIssueManagement (5 bytes)
Event: 4.839 Thread 0x0000016c04915210 nmethod 2780 0x0000016c74fa9410 code [0x0000016c74fa95a0, 0x0000016c74fa9678]
Event: 4.863 Thread 0x0000016c04915210 2781   !   3       org.apache.maven.model.Activation::clone (127 bytes)
Event: 4.865 Thread 0x0000016c04915210 nmethod 2781 0x0000016c6debf010 code [0x0000016c6debf300, 0x0000016c6dec0248]
Event: 4.867 Thread 0x0000016c04915210 2782       3       org.apache.maven.repository.internal.ArtifactDescriptorReaderDelegate::convert (205 bytes)
Event: 4.870 Thread 0x0000016c04915210 nmethod 2782 0x0000016c6dec0a10 code [0x0000016c6dec0de0, 0x0000016c6dec2b38]
Event: 4.870 Thread 0x0000016c04915210 2783       1       org.eclipse.aether.graph.DefaultDependencyNode::getChildren (5 bytes)
Event: 4.870 Thread 0x0000016c04915210 nmethod 2783 0x0000016c74fa9710 code [0x0000016c74fa98a0, 0x0000016c74fa9978]
Event: 4.870 Thread 0x0000016c04915210 2784       1       org.eclipse.aether.repository.RemoteRepository::getMirroredRepositories (5 bytes)
Event: 4.870 Thread 0x0000016c04915210 nmethod 2784 0x0000016c74fa9a10 code [0x0000016c74fa9ba0, 0x0000016c74fa9c78]
Event: 4.871 Thread 0x0000016c04915210 2785       3       java.util.ArrayList::contains (14 bytes)
Event: 4.871 Thread 0x0000016c04915210 nmethod 2785 0x0000016c6dec3510 code [0x0000016c6dec36c0, 0x0000016c6dec39c8]
Event: 4.871 Thread 0x0000016c04915210 2786       3       java.util.HashSet::iterator (13 bytes)
Event: 4.871 Thread 0x0000016c04915210 nmethod 2786 0x0000016c6dec3a90 code [0x0000016c6dec3c40, 0x0000016c6dec3ed8]

GC Heap History (6 events):
Event: 0.945 GC heap before
{Heap before GC invocations=0 (full 0):
 garbage-first heap   total 131072K, used 5120K [0x0000000081800000, 0x0000000100000000)
  region size 1024K, 6 young (6144K), 0 survivors (0K)
 Metaspace       used 8314K, committed 8448K, reserved 1056768K
  class space    used 716K, committed 768K, reserved 1048576K
}
Event: 0.951 GC heap after
{Heap after GC invocations=1 (full 0):
 garbage-first heap   total 131072K, used 2009K [0x0000000081800000, 0x0000000100000000)
  region size 1024K, 1 young (1024K), 1 survivors (1024K)
 Metaspace       used 8314K, committed 8448K, reserved 1056768K
  class space    used 716K, committed 768K, reserved 1048576K
}
Event: 1.305 GC heap before
{Heap before GC invocations=1 (full 0):
 garbage-first heap   total 131072K, used 6105K [0x0000000081800000, 0x0000000100000000)
  region size 1024K, 6 young (6144K), 1 survivors (1024K)
 Metaspace       used 11068K, committed 11264K, reserved 1064960K
  class space    used 1018K, committed 1088K, reserved 1048576K
}
Event: 1.310 GC heap after
{Heap after GC invocations=2 (full 0):
 garbage-first heap   total 131072K, used 3231K [0x0000000081800000, 0x0000000100000000)
  region size 1024K, 1 young (1024K), 1 survivors (1024K)
 Metaspace       used 11068K, committed 11264K, reserved 1064960K
  class space    used 1018K, committed 1088K, reserved 1048576K
}
Event: 1.669 GC heap before
{Heap before GC invocations=2 (full 0):
 garbage-first heap   total 131072K, used 12447K [0x0000000081800000, 0x0000000100000000)
  region size 1024K, 11 young (11264K), 1 survivors (1024K)
 Metaspace       used 13376K, committed 13504K, reserved 1064960K
  class space    used 1315K, committed 1344K, reserved 1048576K
}
Event: 1.676 GC heap after
{Heap after GC invocations=3 (full 0):
 garbage-first heap   total 131072K, used 3843K [0x0000000081800000, 0x0000000100000000)
  region size 1024K, 2 young (2048K), 2 survivors (2048K)
 Metaspace       used 13376K, committed 13504K, reserved 1064960K
  class space    used 1315K, committed 1344K, reserved 1048576K
}

Deoptimization events (20 events):
Event: 4.136 Thread 0x0000016c6855f1f0 DEOPT PACKING pc=0x0000016c74ef6a74 sp=0x000000455cbfc370
Event: 4.136 Thread 0x0000016c6855f1f0 DEOPT UNPACKING pc=0x0000016c6d4223a3 sp=0x000000455cbfc318 mode 2
Event: 4.158 Thread 0x0000016c6855f1f0 DEOPT PACKING pc=0x0000016c6ddc543e sp=0x000000455cbfc080
Event: 4.158 Thread 0x0000016c6855f1f0 DEOPT UNPACKING pc=0x0000016c6d422b43 sp=0x000000455cbfb588 mode 0
Event: 4.721 Thread 0x0000016c6855f1f0 Uncommon trap: trap_request=0xffffffbe fr.pc=0x0000016c74fa176c relative=0x000000000000130c
Event: 4.721 Thread 0x0000016c6855f1f0 Uncommon trap: reason=profile_predicate action=maybe_recompile pc=0x0000016c74fa176c method=java.util.regex.Pattern$CharPropertyGreedy.match(Ljava/util/regex/Matcher;ILjava/lang/CharSequence;)Z @ 15 c2
Event: 4.721 Thread 0x0000016c6855f1f0 DEOPT PACKING pc=0x0000016c74fa176c sp=0x000000455cbfc8c0
Event: 4.721 Thread 0x0000016c6855f1f0 DEOPT UNPACKING pc=0x0000016c6d4223a3 sp=0x000000455cbfc850 mode 2
Event: 4.721 Thread 0x0000016c6855f1f0 Uncommon trap: trap_request=0xffffffbe fr.pc=0x0000016c74fa176c relative=0x000000000000130c
Event: 4.721 Thread 0x0000016c6855f1f0 Uncommon trap: reason=profile_predicate action=maybe_recompile pc=0x0000016c74fa176c method=java.util.regex.Pattern$CharPropertyGreedy.match(Ljava/util/regex/Matcher;ILjava/lang/CharSequence;)Z @ 15 c2
Event: 4.721 Thread 0x0000016c6855f1f0 DEOPT PACKING pc=0x0000016c74fa176c sp=0x000000455cbfc4d0
Event: 4.721 Thread 0x0000016c6855f1f0 DEOPT UNPACKING pc=0x0000016c6d4223a3 sp=0x000000455cbfc460 mode 2
Event: 4.722 Thread 0x0000016c6855f1f0 Uncommon trap: trap_request=0xffffffbe fr.pc=0x0000016c74fa176c relative=0x000000000000130c
Event: 4.722 Thread 0x0000016c6855f1f0 Uncommon trap: reason=profile_predicate action=maybe_recompile pc=0x0000016c74fa176c method=java.util.regex.Pattern$CharPropertyGreedy.match(Ljava/util/regex/Matcher;ILjava/lang/CharSequence;)Z @ 15 c2
Event: 4.722 Thread 0x0000016c6855f1f0 DEOPT PACKING pc=0x0000016c74fa176c sp=0x000000455cbfc4d0
Event: 4.722 Thread 0x0000016c6855f1f0 DEOPT UNPACKING pc=0x0000016c6d4223a3 sp=0x000000455cbfc460 mode 2
Event: 4.722 Thread 0x0000016c6855f1f0 Uncommon trap: trap_request=0xffffffbe fr.pc=0x0000016c74fa176c relative=0x000000000000130c
Event: 4.722 Thread 0x0000016c6855f1f0 Uncommon trap: reason=profile_predicate action=maybe_recompile pc=0x0000016c74fa176c method=java.util.regex.Pattern$CharPropertyGreedy.match(Ljava/util/regex/Matcher;ILjava/lang/CharSequence;)Z @ 15 c2
Event: 4.722 Thread 0x0000016c6855f1f0 DEOPT PACKING pc=0x0000016c74fa176c sp=0x000000455cbfc290
Event: 4.722 Thread 0x0000016c6855f1f0 DEOPT UNPACKING pc=0x0000016c6d4223a3 sp=0x000000455cbfc240 mode 2

Classes unloaded (0 events):
No events

Classes redefined (0 events):
No events

Internal exceptions (5 events):
Event: 0.641 Thread 0x0000016c6855f1f0 Exception <a 'java/lang/NoSuchMethodError'{0x0000000089352a98}: 'java.lang.Object java.lang.invoke.DirectMethodHandle$Holder.invokeStaticInit(java.lang.Object, int, int, int, int)'> (0x0000000089352a98) 
thrown [e:\jenkins\tmp\workspace\build\src\src\hotspot\share\interpreter\linkResolver.cpp, line 766]
Event: 0.690 Thread 0x0000016c6855f1f0 Exception <a 'java/lang/NoSuchMethodError'{0x00000000893b1108}: 'java.lang.Object java.lang.invoke.DirectMethodHandle$Holder.invokeStaticInit(java.lang.Object, java.lang.Object, int, int, int, int)'> (0x00000000893b1108) 
thrown [e:\jenkins\tmp\workspace\build\src\src\hotspot\share\interpreter\linkResolver.cpp, line 766]
Event: 1.495 Thread 0x0000016c6855f1f0 Exception <a 'java/lang/NoSuchMethodError'{0x00000000893b9128}: 'java.lang.Object java.lang.invoke.DirectMethodHandle$Holder.newInvokeSpecial(java.lang.Object, java.lang.Object, java.lang.Object, java.lang.Object, java.lang.Object)'> (0x00000000893b9128) 
thrown [e:\jenkins\tmp\workspace\build\src\src\hotspot\share\interpreter\linkResolver.cpp, line 766]
Event: 2.774 Thread 0x0000016c6855f1f0 Exception <a 'java/lang/NoClassDefFoundError'{0x0000000087590f90}: com/google/inject/servlet/ServletModuleTargetVisitor> (0x0000000087590f90) 
thrown [e:\jenkins\tmp\workspace\build\src\src\hotspot\share\classfile\systemDictionary.cpp, line 245]
Event: 2.774 Thread 0x0000016c6855f1f0 Exception <a 'java/lang/NoClassDefFoundError'{0x0000000087594188}: javax/annotation/Priority> (0x0000000087594188) 
thrown [e:\jenkins\tmp\workspace\build\src\src\hotspot\share\classfile\systemDictionary.cpp, line 245]

VM Operations (20 events):
Event: 2.133 Executing VM operation: HandshakeAllThreads
Event: 2.133 Executing VM operation: HandshakeAllThreads done
Event: 2.186 Executing VM operation: HandshakeAllThreads
Event: 2.186 Executing VM operation: HandshakeAllThreads done
Event: 2.590 Executing VM operation: HandshakeAllThreads
Event: 2.590 Executing VM operation: HandshakeAllThreads done
Event: 2.591 Executing VM operation: HandshakeAllThreads
Event: 2.591 Executing VM operation: HandshakeAllThreads done
Event: 2.626 Executing VM operation: ICBufferFull
Event: 2.626 Executing VM operation: ICBufferFull done
Event: 2.729 Executing VM operation: HandshakeAllThreads
Event: 2.729 Executing VM operation: HandshakeAllThreads done
Event: 2.922 Executing VM operation: HandshakeAllThreads
Event: 2.922 Executing VM operation: HandshakeAllThreads done
Event: 2.957 Executing VM operation: ICBufferFull
Event: 2.957 Executing VM operation: ICBufferFull done
Event: 3.046 Executing VM operation: HandshakeAllThreads
Event: 3.047 Executing VM operation: HandshakeAllThreads done
Event: 4.047 Executing VM operation: Cleanup
Event: 4.048 Executing VM operation: Cleanup done

Events (20 events):
Event: 3.173 loading class java/util/Collections$SingletonSet
Event: 3.173 loading class java/util/Collections$SingletonSet done
Event: 3.200 loading class java/util/Formatter
Event: 3.200 loading class java/util/Formatter done
Event: 3.201 loading class java/util/Formatter$FixedString
Event: 3.201 loading class java/util/Formatter$FormatString
Event: 3.201 loading class java/util/Formatter$FormatString done
Event: 3.201 loading class java/util/Formatter$FixedString done
Event: 3.201 loading class java/util/Formatter$Conversion
Event: 3.201 loading class java/util/Formatter$Conversion done
Event: 3.201 loading class java/util/Formatter$FormatSpecifier
Event: 3.202 loading class java/util/Formatter$FormatSpecifier done
Event: 3.202 loading class java/util/Formatter$Flags
Event: 3.202 loading class java/util/Formatter$Flags done
Event: 3.202 loading class java/util/Formattable
Event: 3.202 loading class java/util/Formattable done
Event: 3.337 loading class java/io/RandomAccessFile$1
Event: 3.337 loading class java/io/RandomAccessFile$1 done
Event: 3.996 loading class sun/nio/cs/ISO_8859_1$Decoder
Event: 3.996 loading class sun/nio/cs/ISO_8859_1$Decoder done


Dynamic libraries:
0x00007ff721a50000 - 0x00007ff721a5e000 	C:\Users\rahul.chadha\.p2\pool\plugins\org.eclipse.justj.openjdk.hotspot.jre.full.win32.x86_64_17.0.0.v20211012-1059\jre\bin\javaw.exe
0x00007ff937270000 - 0x00007ff93745d000 	C:\Windows\SYSTEM32\ntdll.dll
0x00007ff937180000 - 0x00007ff937233000 	C:\Windows\System32\KERNEL32.DLL
0x00007ff933720000 - 0x00007ff9339b5000 	C:\Windows\System32\KERNELBASE.dll
0x00007ff933390000 - 0x00007ff93348a000 	C:\Windows\System32\ucrtbase.dll
0x00007ff90ca00000 - 0x00007ff90ca18000 	C:\Users\rahul.chadha\.p2\pool\plugins\org.eclipse.justj.openjdk.hotspot.jre.full.win32.x86_64_17.0.0.v20211012-1059\jre\bin\jli.dll
0x00007ff934590000 - 0x00007ff934727000 	C:\Windows\System32\USER32.dll
0x00007ff933560000 - 0x00007ff933580000 	C:\Windows\System32\win32u.dll
0x00007ff934730000 - 0x00007ff934759000 	C:\Windows\System32\GDI32.dll
0x00007ff933580000 - 0x00007ff933719000 	C:\Windows\System32\gdi32full.dll
0x00007ff933bd0000 - 0x00007ff933c70000 	C:\Windows\System32\msvcp_win.dll
0x00007ff91c740000 - 0x00007ff91c759000 	C:\Users\rahul.chadha\.p2\pool\plugins\org.eclipse.justj.openjdk.hotspot.jre.full.win32.x86_64_17.0.0.v20211012-1059\jre\bin\VCRUNTIME140.dll
0x00007ff9270b0000 - 0x00007ff927329000 	C:\Windows\WinSxS\amd64_microsoft.windows.common-controls_6595b64144ccf1df_6.0.17763.1192_none_de76b76053465515\COMCTL32.dll
0x00007ff935130000 - 0x00007ff9351ce000 	C:\Windows\System32\msvcrt.dll
0x00007ff934760000 - 0x00007ff934a8c000 	C:\Windows\System32\combase.dll
0x00007ff934f30000 - 0x00007ff935052000 	C:\Windows\System32\RPCRT4.dll
0x00007ff9334e0000 - 0x00007ff93355e000 	C:\Windows\System32\bcryptPrimitives.dll
0x00007ff934da0000 - 0x00007ff934dce000 	C:\Windows\System32\IMM32.DLL
0x00007ff920230000 - 0x00007ff92023c000 	C:\Users\rahul.chadha\.p2\pool\plugins\org.eclipse.justj.openjdk.hotspot.jre.full.win32.x86_64_17.0.0.v20211012-1059\jre\bin\vcruntime140_1.dll
0x00007ff8ec3e0000 - 0x00007ff8ec471000 	C:\Users\rahul.chadha\.p2\pool\plugins\org.eclipse.justj.openjdk.hotspot.jre.full.win32.x86_64_17.0.0.v20211012-1059\jre\bin\msvcp140.dll
0x00007ff8cdb20000 - 0x00007ff8ce766000 	C:\Users\rahul.chadha\.p2\pool\plugins\org.eclipse.justj.openjdk.hotspot.jre.full.win32.x86_64_17.0.0.v20211012-1059\jre\bin\server\jvm.dll
0x00007ff936f70000 - 0x00007ff937013000 	C:\Windows\System32\ADVAPI32.dll
0x00007ff9344f0000 - 0x00007ff93458e000 	C:\Windows\System32\sechost.dll
0x00007ff934be0000 - 0x00007ff934be8000 	C:\Windows\System32\PSAPI.DLL
0x00007ff928bf0000 - 0x00007ff928bf9000 	C:\Windows\SYSTEM32\WSOCK32.dll
0x00007ff934b70000 - 0x00007ff934bdd000 	C:\Windows\System32\WS2_32.dll
0x00007ff9314c0000 - 0x00007ff9314e4000 	C:\Windows\SYSTEM32\WINMM.dll
0x00007ff9295d0000 - 0x00007ff9295da000 	C:\Windows\SYSTEM32\VERSION.dll
0x00007ff931490000 - 0x00007ff9314bd000 	C:\Windows\SYSTEM32\WINMMBASE.dll
0x00007ff933490000 - 0x00007ff9334da000 	C:\Windows\System32\cfgmgr32.dll
0x00007ff933280000 - 0x00007ff933291000 	C:\Windows\System32\kernel.appcore.dll
0x00007ff91bb30000 - 0x00007ff91bb3a000 	C:\Users\rahul.chadha\.p2\pool\plugins\org.eclipse.justj.openjdk.hotspot.jre.full.win32.x86_64_17.0.0.v20211012-1059\jre\bin\jimage.dll
0x00007ff916790000 - 0x00007ff91697d000 	C:\Windows\SYSTEM32\DBGHELP.DLL
0x00007ff928900000 - 0x00007ff92892a000 	C:\Windows\SYSTEM32\dbgcore.DLL
0x00007ff916b80000 - 0x00007ff916ba5000 	C:\Users\rahul.chadha\.p2\pool\plugins\org.eclipse.justj.openjdk.hotspot.jre.full.win32.x86_64_17.0.0.v20211012-1059\jre\bin\java.dll
0x00007ff90cab0000 - 0x00007ff90cac8000 	C:\Users\rahul.chadha\.p2\pool\plugins\org.eclipse.justj.openjdk.hotspot.jre.full.win32.x86_64_17.0.0.v20211012-1059\jre\bin\zip.dll
0x00007ff935940000 - 0x00007ff936e34000 	C:\Windows\System32\SHELL32.dll
0x00007ff935410000 - 0x00007ff9354b8000 	C:\Windows\System32\shcore.dll
0x00007ff933c70000 - 0x00007ff9343bd000 	C:\Windows\System32\windows.storage.dll
0x00007ff933300000 - 0x00007ff933324000 	C:\Windows\System32\profapi.dll
0x00007ff9332a0000 - 0x00007ff9332fd000 	C:\Windows\System32\powrprof.dll
0x00007ff934e30000 - 0x00007ff934e82000 	C:\Windows\System32\shlwapi.dll
0x00007ff9343c0000 - 0x00007ff9343d7000 	C:\Windows\System32\cryptsp.dll
0x00007ff90baf0000 - 0x00007ff90bb09000 	C:\Users\rahul.chadha\.p2\pool\plugins\org.eclipse.justj.openjdk.hotspot.jre.full.win32.x86_64_17.0.0.v20211012-1059\jre\bin\net.dll
0x00007ff92d540000 - 0x00007ff92d632000 	C:\Windows\SYSTEM32\WINHTTP.dll
0x00007ff932a70000 - 0x00007ff932ad7000 	C:\Windows\system32\mswsock.dll
0x00007ff8f6740000 - 0x00007ff8f6755000 	C:\Users\rahul.chadha\.p2\pool\plugins\org.eclipse.justj.openjdk.hotspot.jre.full.win32.x86_64_17.0.0.v20211012-1059\jre\bin\nio.dll
0x00007ff915880000 - 0x00007ff915890000 	C:\Users\rahul.chadha\.p2\pool\plugins\org.eclipse.justj.openjdk.hotspot.jre.full.win32.x86_64_17.0.0.v20211012-1059\jre\bin\verify.dll
0x00007ff9325f0000 - 0x00007ff932623000 	C:\Windows\system32\rsaenh.dll
0x00007ff9339c0000 - 0x00007ff9339e6000 	C:\Windows\System32\bcrypt.dll
0x00007ff933190000 - 0x00007ff9331b8000 	C:\Windows\SYSTEM32\USERENV.dll
0x00007ff932c40000 - 0x00007ff932c4c000 	C:\Windows\SYSTEM32\CRYPTBASE.dll
0x00007ff932790000 - 0x00007ff9327cd000 	C:\Windows\SYSTEM32\IPHLPAPI.DLL
0x00007ff935400000 - 0x00007ff935408000 	C:\Windows\System32\NSI.dll
0x00007ff92aec0000 - 0x00007ff92aed6000 	C:\Windows\SYSTEM32\dhcpcsvc6.DLL
0x00007ff92ae80000 - 0x00007ff92ae9c000 	C:\Windows\SYSTEM32\dhcpcsvc.DLL
0x00007ff9327d0000 - 0x00007ff932897000 	C:\Windows\SYSTEM32\DNSAPI.dll
0x00007ff9132e0000 - 0x00007ff9132ea000 	C:\Users\rahul.chadha\AppData\Local\Temp\5\jansi-1.17.1-11678717350606812222.dll
0x00007ff90cec0000 - 0x00007ff90ceca000 	C:\Users\rahul.chadha\AppData\Local\Temp\5\jansi-1.17.1-13907569938118031478.dll

dbghelp: loaded successfully - version: 4.0.5 - missing functions: none
symbol engine: initialized successfully - sym options: 0x614 - pdb path: .;C:\Users\rahul.chadha\.p2\pool\plugins\org.eclipse.justj.openjdk.hotspot.jre.full.win32.x86_64_17.0.0.v20211012-1059\jre\bin;C:\Windows\SYSTEM32;C:\Windows\WinSxS\amd64_microsoft.windows.common-controls_6595b64144ccf1df_6.0.17763.1192_none_de76b76053465515;C:\Users\rahul.chadha\.p2\pool\plugins\org.eclipse.justj.openjdk.hotspot.jre.full.win32.x86_64_17.0.0.v20211012-1059\jre\bin\server;C:\Users\rahul.chadha\AppData\Local\Temp\5

VM Arguments:
jvm_args: -Dmaven.home=EMBEDDED -Dclassworlds.conf=C:\Users\rahul.chadha\Desktop\EclipseWorkspace\.metadata\.plugins\org.eclipse.m2e.launching\launches\m2conf92395980725434194.tmp -Dmaven.multiModuleProjectDirectory=C:\Users\rahul.chadha\Desktop\EclipseWorkspace\CCPA_project -Dfile.encoding=Cp1252 -XX:+ShowCodeDetailsInExceptionMessages 
java_command: org.codehaus.plexus.classworlds.launcher.Launcher -B test
java_class_path (initial): C:\Users\rahul.chadha\.p2\pool\plugins\org.eclipse.m2e.maven.runtime_1.18.0.20210618-2246\jars\plexus-classworlds-2.6.0.jar
Launcher Type: SUN_STANDARD

[Global flags]
     intx CICompilerCount                          = 2                                         {product} {ergonomic}
     uint ConcGCThreads                            = 1                                         {product} {ergonomic}
     uint G1ConcRefinementThreads                  = 2                                         {product} {ergonomic}
   size_t G1HeapRegionSize                         = 1048576                                   {product} {ergonomic}
    uintx GCDrainStackTargetSize                   = 64                                        {product} {ergonomic}
   size_t InitialHeapSize                          = 134217728                                 {product} {ergonomic}
   size_t MarkStackSize                            = 4194304                                   {product} {ergonomic}
   size_t MaxHeapSize                              = 2122317824                                {product} {ergonomic}
   size_t MaxNewSize                               = 1272971264                                {product} {ergonomic}
   size_t MinHeapDeltaBytes                        = 1048576                                   {product} {ergonomic}
   size_t MinHeapSize                              = 8388608                                   {product} {ergonomic}
    uintx NonNMethodCodeHeapSize                   = 5826188                                {pd product} {ergonomic}
    uintx NonProfiledCodeHeapSize                  = 122916026                              {pd product} {ergonomic}
    uintx ProfiledCodeHeapSize                     = 122916026                              {pd product} {ergonomic}
    uintx ReservedCodeCacheSize                    = 251658240                              {pd product} {ergonomic}
     bool SegmentedCodeCache                       = true                                      {product} {ergonomic}
     bool ShowCodeDetailsInExceptionMessages       = true                                   {manageable} {command line}
   size_t SoftMaxHeapSize                          = 2122317824                             {manageable} {ergonomic}
     bool UseCompressedClassPointers               = true                           {product lp64_product} {ergonomic}
     bool UseCompressedOops                        = true                           {product lp64_product} {ergonomic}
     bool UseG1GC                                  = true                                      {product} {ergonomic}
     bool UseLargePagesIndividualAllocation        = false                                  {pd product} {ergonomic}

Logging:
Log output configuration:
 #0: stdout all=warning uptime,level,tags
 #1: stderr all=off uptime,level,tags

Environment Variables:
JAVA_HOME=C:\Program Files\Java\jdk1.8.0_301
PATH=C:/Users/rahul.chadha/.p2/pool/plugins/org.eclipse.justj.openjdk.hotspot.jre.full.win32.x86_64_17.0.0.v20211012-1059/jre/bin/server;C:/Users/rahul.chadha/.p2/pool/plugins/org.eclipse.justj.openjdk.hotspot.jre.full.win32.x86_64_17.0.0.v20211012-1059/jre/bin;C:\Program Files (x86)\Common Files\Oracle\Java\javapath;C:\Windows\system32;C:\Windows;C:\Windows\System32\Wbem;C:\Windows\System32\WindowsPowerShell\v1.0\;C:\Windows\System32\OpenSSH\;C:\Program Files\Amazon\cfn-bootstrap\;C:\gene\java\bin\;C:\Users\rahul.chadha\Desktop\Softwares\apache-maven-3.8.3-bin\apache-maven-3.8.3\bin;C:\Program Files\Git\cmd;C:\Program Files\Java\jdk1.8.0_301\bin;C:\Program Files\Java\jre1.8.0_301\bin;C:\Users\rahul.chadha\AppData\Local\Microsoft\WindowsApps;C:\Users\rahul.chadha\Desktop;
USERNAME=rahul.chadha
OS=Windows_NT
PROCESSOR_IDENTIFIER=Intel64 Family 6 Model 85 Stepping 4, GenuineIntel



---------------  S Y S T E M  ---------------

OS:
 Windows Server 2019 , 64 bit Build 17763 (10.0.17763.1158)
OS uptime: 78 days 0:29 hours
KVM virtualization detected

CPU: total 2 (initial active 2) (1 cores per cpu, 2 threads per core) family 6 model 85 stepping 4 microcode 0x2000069, cx8, cmov, fxsr, ht, mmx, 3dnowpref, sse, sse2, sse3, ssse3, sse4.1, sse4.2, popcnt, lzcnt, tsc, tscinvbit, avx, avx2, aes, erms, clmul, bmi1, bmi2, rtm, adx, fma, vzeroupper, clflush, clflushopt, clwb, hv

Memory: 4k page, system-wide physical 8089M (512M free)
TotalPageFile size 15769M (AvailPageFile size 6M)
current process WorkingSet (physical memory assigned to process): 140M, peak: 140M
current process commit charge ("private bytes"): 231M, peak: 232M

vm_info: OpenJDK 64-Bit Server VM (17+35) for windows-amd64 JRE (17+35), built on Sep 14 2021 17:27:39 by "" with MS VC++ 16.7 (VS2019)

END.
