#
# There is insufficient memory for the Java Runtime Environment to continue.
# Native memory allocation (mmap) failed to map 134217728 bytes for G1 virtual space
# Possible reasons:
#   The system is out of physical RAM or swap space
#   The process is running with CompressedOops enabled, and the Java Heap may be blocking the growth of the native heap
# Possible solutions:
#   Reduce memory load on the system
#   Increase physical memory or swap space
#   Check if swap backing store is full
#   Decrease Java heap size (-Xmx/-Xms)
#   Decrease number of Java threads
#   Decrease Java thread stack sizes (-Xss)
#   Set larger code cache with -XX:ReservedCodeCacheSize=
#   JVM is running with Unscaled Compressed Oops mode in which the Java heap is
#     placed in the first 4GB address space. The Java Heap base address is the
#     maximum limit for the native heap growth. Please use -XX:HeapBaseMinAddress
#     to set the Java Heap base and to place the Java Heap above 4GB virtual address.
# This output file may be truncated or incomplete.
#
#  Out of Memory Error (os_windows.cpp:3469), pid=49252, tid=47536
#
# JRE version:  (17.0+35) (build )
# Java VM: OpenJDK 64-Bit Server VM (17+35, mixed mode, sharing, tiered, compressed oops, compressed class ptrs, g1 gc, windows-amd64)
# Core dump will be written. Default location: C:\Users\rahul.chadha\Desktop\EclipseWorkspace\CCPA_project\hs_err_pid49252.mdmp
#

---------------  S U M M A R Y ------------

Command Line: -ea -Dfile.encoding=Cp1252 -XX:+ShowCodeDetailsInExceptionMessages org.testng.remote.RemoteTestNG -serport 62698 -protocol json -d C:\Users\rahul.chadha\Desktop\EclipseWorkspace\CCPA_project\test-output C:\Users\rahul.chadha\Desktop\EclipseWorkspace\CCPA_project\TestNG.xml

Host: Intel(R) Xeon(R) Platinum 8175M CPU @ 2.50GHz, 2 cores, 7G,  Windows Server 2019 , 64 bit Build 17763 (10.0.17763.1158)
Time: Mon Nov 22 08:20:33 2021 Coordinated Universal Time elapsed time: 0.043958 seconds (0d 0h 0m 0s)

---------------  T H R E A D  ---------------

Current thread (0x000001a854342d40):  JavaThread "Unknown thread" [_thread_in_vm, id=47536, stack(0x0000005eb5400000,0x0000005eb5500000)]

Stack: [0x0000005eb5400000,0x0000005eb5500000]
Native frames: (J=compiled Java code, j=interpreted, Vv=VM code, C=native code)
V  [jvm.dll+0x674afa]
V  [jvm.dll+0x82eb44]
V  [jvm.dll+0x8302ee]
V  [jvm.dll+0x830953]
V  [jvm.dll+0x245335]
V  [jvm.dll+0x671ae9]
V  [jvm.dll+0x6665b2]
V  [jvm.dll+0x303e3b]
V  [jvm.dll+0x30b376]
V  [jvm.dll+0x35b30e]
V  [jvm.dll+0x35b53f]
V  [jvm.dll+0x2dad78]
V  [jvm.dll+0x2dbce4]
V  [jvm.dll+0x8006a1]
V  [jvm.dll+0x369081]
V  [jvm.dll+0x7dfb6c]
V  [jvm.dll+0x3eb9bf]
V  [jvm.dll+0x3ed6f1]
C  [jli.dll+0x5277]
C  [ucrtbase.dll+0x21ffa]
C  [KERNEL32.DLL+0x17974]
C  [ntdll.dll+0x6a271]


---------------  P R O C E S S  ---------------

Threads class SMR info:
_java_thread_list=0x00007ff8ce634e58, length=0, elements={
}

Java Threads: ( => current thread )

Other Threads:
  0x000001a854381230 GCTaskThread "GC Thread#0" [stack: 0x0000005eb5600000,0x0000005eb5700000] [id=49400]
  0x000001a854391e70 ConcurrentGCThread "G1 Main Marker" [stack: 0x0000005eb5700000,0x0000005eb5800000] [id=48620]
  0x000001a854394600 ConcurrentGCThread "G1 Conc#0" [stack: 0x0000005eb5800000,0x0000005eb5900000] [id=39516]

[error occurred during error reporting (printing all threads), id 0xc0000005, EXCEPTION_ACCESS_VIOLATION (0xc0000005) at pc=0x00007ff8cde0b7f7]

VM state: not at safepoint (not fully initialized)

VM Mutex/Monitor currently owned by a thread:  ([mutex/lock_event])
[0x000001a85433fe50] Heap_lock - owner thread: 0x000001a854342d40

Heap address: 0x0000000081800000, size: 2024 MB, Compressed Oops mode: 32-bit

CDS archive(s) mapped at: [0x0000000000000000-0x0000000000000000-0x0000000000000000), size 0, SharedBaseAddress: 0x0000000800000000, ArchiveRelocationMode: 0.
Narrow klass base: 0x0000000000000000, Narrow klass shift: 0, Narrow klass range: 0x0

GC Precious Log:
<Empty>

Heap:
 garbage-first heap   total 0K, used 0K [0x0000000081800000, 0x0000000100000000)
  region size 1024K, 0 young (0K), 0 survivors (0K)

[error occurred during error reporting (printing heap information), id 0xc0000005, EXCEPTION_ACCESS_VIOLATION (0xc0000005) at pc=0x00007ff8ce1edfc9]

GC Heap History (0 events):
No events

Deoptimization events (0 events):
No events

Classes unloaded (0 events):
No events

Classes redefined (0 events):
No events

Internal exceptions (0 events):
No events

VM Operations (0 events):
No events

Events (1 events):
Event: 0.016 Loaded shared library C:\Users\rahul.chadha\.p2\pool\plugins\org.eclipse.justj.openjdk.hotspot.jre.full.win32.x86_64_17.0.0.v20211012-1059\jre\bin\java.dll


Dynamic libraries:
0x00007ff71a6b0000 - 0x00007ff71a6be000 	C:\Users\rahul.chadha\.p2\pool\plugins\org.eclipse.justj.openjdk.hotspot.jre.full.win32.x86_64_17.0.0.v20211012-1059\jre\bin\javaw.exe
0x00007ff937270000 - 0x00007ff93745d000 	C:\Windows\SYSTEM32\ntdll.dll
0x00007ff937180000 - 0x00007ff937233000 	C:\Windows\System32\KERNEL32.DLL
0x00007ff933720000 - 0x00007ff9339b5000 	C:\Windows\System32\KERNELBASE.dll
0x00007ff933390000 - 0x00007ff93348a000 	C:\Windows\System32\ucrtbase.dll
0x00007ff91c6f0000 - 0x00007ff91c708000 	C:\Users\rahul.chadha\.p2\pool\plugins\org.eclipse.justj.openjdk.hotspot.jre.full.win32.x86_64_17.0.0.v20211012-1059\jre\bin\jli.dll
0x00007ff934590000 - 0x00007ff934727000 	C:\Windows\System32\USER32.dll
0x00007ff933560000 - 0x00007ff933580000 	C:\Windows\System32\win32u.dll
0x00007ff934730000 - 0x00007ff934759000 	C:\Windows\System32\GDI32.dll
0x00007ff933580000 - 0x00007ff933719000 	C:\Windows\System32\gdi32full.dll
0x00007ff933bd0000 - 0x00007ff933c70000 	C:\Windows\System32\msvcp_win.dll
0x00007ff91c740000 - 0x00007ff91c759000 	C:\Users\rahul.chadha\.p2\pool\plugins\org.eclipse.justj.openjdk.hotspot.jre.full.win32.x86_64_17.0.0.v20211012-1059\jre\bin\VCRUNTIME140.dll
0x00007ff9270b0000 - 0x00007ff927329000 	C:\Windows\WinSxS\amd64_microsoft.windows.common-controls_6595b64144ccf1df_6.0.17763.1192_none_de76b76053465515\COMCTL32.dll
0x00007ff935130000 - 0x00007ff9351ce000 	C:\Windows\System32\msvcrt.dll
0x00007ff934760000 - 0x00007ff934a8c000 	C:\Windows\System32\combase.dll
0x00007ff934f30000 - 0x00007ff935052000 	C:\Windows\System32\RPCRT4.dll
0x00007ff9334e0000 - 0x00007ff93355e000 	C:\Windows\System32\bcryptPrimitives.dll
0x00007ff934da0000 - 0x00007ff934dce000 	C:\Windows\System32\IMM32.DLL
0x00007ff920230000 - 0x00007ff92023c000 	C:\Users\rahul.chadha\.p2\pool\plugins\org.eclipse.justj.openjdk.hotspot.jre.full.win32.x86_64_17.0.0.v20211012-1059\jre\bin\vcruntime140_1.dll
0x00007ff90cb70000 - 0x00007ff90cc01000 	C:\Users\rahul.chadha\.p2\pool\plugins\org.eclipse.justj.openjdk.hotspot.jre.full.win32.x86_64_17.0.0.v20211012-1059\jre\bin\msvcp140.dll
0x00007ff8cdb20000 - 0x00007ff8ce766000 	C:\Users\rahul.chadha\.p2\pool\plugins\org.eclipse.justj.openjdk.hotspot.jre.full.win32.x86_64_17.0.0.v20211012-1059\jre\bin\server\jvm.dll
0x00007ff936f70000 - 0x00007ff937013000 	C:\Windows\System32\ADVAPI32.dll
0x00007ff9344f0000 - 0x00007ff93458e000 	C:\Windows\System32\sechost.dll
0x00007ff934be0000 - 0x00007ff934be8000 	C:\Windows\System32\PSAPI.DLL
0x00007ff928bf0000 - 0x00007ff928bf9000 	C:\Windows\SYSTEM32\WSOCK32.dll
0x00007ff934b70000 - 0x00007ff934bdd000 	C:\Windows\System32\WS2_32.dll
0x00007ff9314c0000 - 0x00007ff9314e4000 	C:\Windows\SYSTEM32\WINMM.dll
0x00007ff9295d0000 - 0x00007ff9295da000 	C:\Windows\SYSTEM32\VERSION.dll
0x00007ff931490000 - 0x00007ff9314bd000 	C:\Windows\SYSTEM32\WINMMBASE.dll
0x00007ff933490000 - 0x00007ff9334da000 	C:\Windows\System32\cfgmgr32.dll
0x00007ff933280000 - 0x00007ff933291000 	C:\Windows\System32\kernel.appcore.dll
0x00007ff91bb30000 - 0x00007ff91bb3a000 	C:\Users\rahul.chadha\.p2\pool\plugins\org.eclipse.justj.openjdk.hotspot.jre.full.win32.x86_64_17.0.0.v20211012-1059\jre\bin\jimage.dll
0x00007ff916790000 - 0x00007ff91697d000 	C:\Windows\SYSTEM32\DBGHELP.DLL
0x00007ff928900000 - 0x00007ff92892a000 	C:\Windows\SYSTEM32\dbgcore.DLL
0x00007ff916b80000 - 0x00007ff916ba5000 	C:\Users\rahul.chadha\.p2\pool\plugins\org.eclipse.justj.openjdk.hotspot.jre.full.win32.x86_64_17.0.0.v20211012-1059\jre\bin\java.dll

dbghelp: loaded successfully - version: 4.0.5 - missing functions: none
symbol engine: initialized successfully - sym options: 0x614 - pdb path: .;C:\Users\rahul.chadha\.p2\pool\plugins\org.eclipse.justj.openjdk.hotspot.jre.full.win32.x86_64_17.0.0.v20211012-1059\jre\bin;C:\Windows\SYSTEM32;C:\Windows\WinSxS\amd64_microsoft.windows.common-controls_6595b64144ccf1df_6.0.17763.1192_none_de76b76053465515;C:\Users\rahul.chadha\.p2\pool\plugins\org.eclipse.justj.openjdk.hotspot.jre.full.win32.x86_64_17.0.0.v20211012-1059\jre\bin\server

VM Arguments:
jvm_args: -ea -Dfile.encoding=Cp1252 -XX:+ShowCodeDetailsInExceptionMessages 
java_command: org.testng.remote.RemoteTestNG -serport 62698 -protocol json -d C:\Users\rahul.chadha\Desktop\EclipseWorkspace\CCPA_project\test-output C:\Users\rahul.chadha\Desktop\EclipseWorkspace\CCPA_project\TestNG.xml
java_class_path (initial): C:\Users\rahul.chadha\eclipse\committers-2021-09\eclipse\configuration\org.eclipse.osgi\537\0\.cp\lib\testng-remote.jar;C:\Users\rahul.chadha\Desktop\EclipseWorkspace\CCPA_project\target\test-classes;C:\Users\rahul.chadha\Desktop\EclipseWorkspace\CCPA_project\target\classes;C:\Users\rahul.chadha\.p2\pool\plugins\org.testng_7.4.0.r202105021533.jar;C:\Users\rahul.chadha\.p2\pool\plugins\com.beust.jcommander_1.78.0.jar;C:\Users\rahul.chadha\.p2\pool\plugins\org.apache-extras.beanshell.bsh_2.0.0.b6.jar;C:\Users\rahul.chadha\.p2\pool\plugins\org.yaml.snakeyaml_1.21.0.jar;C:\Users\rahul.chadha\.p2\pool\plugins\org.webjars.jquery_3.5.1.jar;C:\Users\rahul.chadha\.m2\repository\org\testng\testng\7.4.0\testng-7.4.0.jar;C:\Users\rahul.chadha\.m2\repository\com\beust\jcommander\1.78\jcommander-1.78.jar;C:\Users\rahul.chadha\.m2\repository\org\webjars\jquery\3.5.1\jquery-3.5.1.jar;C:\Users\rahul.chadha\.m2\repository\org\seleniumhq\selenium\selenium-java\3.141.59\selenium-java-3.141.59.jar;C:\Users\rahul.chadha\.m2\repository\org\seleniumhq\selenium\selenium-api\3.141.59\selenium-api-3.141.59.jar;C:\Users\rahul.chadha\.m2\repository\org\seleniumhq\selenium\selenium-chrome-driver\3.141.59\selenium-chrome-driver-3.141.59.jar;C:\Users\rahul.chadha\.m2\repository\org\seleniumhq\selenium\selenium-edge-driver\3.141.59\selenium-edge-driver-3.141.59.jar;C:\Users\rahul.chadha\.m2\repository\org\seleniumhq\selenium\selenium-firefox-driver\3.141.59\selenium-firefox-driver-3.141.59.jar;C:\Users\rahul.chadha\.m2\repository\org\seleniumhq\selenium\selenium-ie-driver\3.141.59\selenium-ie-driver-3.141.59.jar;C:\Users\rahul.chadha\.m2\repository\org\seleniumhq\selenium\selenium-opera-driver\3.141.59\selenium-opera-driver-3.141.59.jar;C:\Users\rahul.chadha\.m2\repository\org\seleniumhq\selenium\selenium-remote-driver\3.141.59\selenium-remote-driver-3.141.59.jar;C:\Users\rahul.chadha\.m2\repository\org\seleniumhq\selenium\selenium-safari-driver\3.141.59\selenium-safari
Launcher Type: SUN_STANDARD

[Global flags]
     intx CICompilerCount                          = 2                                         {product} {ergonomic}
     uint ConcGCThreads                            = 1                                         {product} {ergonomic}
     uint G1ConcRefinementThreads                  = 2                                         {product} {ergonomic}
   size_t G1HeapRegionSize                         = 1048576                                   {product} {ergonomic}
    uintx GCDrainStackTargetSize                   = 64                                        {product} {ergonomic}
   size_t InitialHeapSize                          = 134217728                                 {product} {ergonomic}
   size_t MarkStackSize                            = 4194304                                   {product} {ergonomic}
   size_t MaxHeapSize                              = 2122317824                                {product} {ergonomic}
   size_t MinHeapDeltaBytes                        = 1048576                                   {product} {ergonomic}
   size_t MinHeapSize                              = 8388608                                   {product} {ergonomic}
    uintx NonNMethodCodeHeapSize                   = 5826188                                {pd product} {ergonomic}
    uintx NonProfiledCodeHeapSize                  = 122916026                              {pd product} {ergonomic}
    uintx ProfiledCodeHeapSize                     = 122916026                              {pd product} {ergonomic}
    uintx ReservedCodeCacheSize                    = 251658240                              {pd product} {ergonomic}
     bool SegmentedCodeCache                       = true                                      {product} {ergonomic}
     bool ShowCodeDetailsInExceptionMessages       = true                                   {manageable} {command line}
   size_t SoftMaxHeapSize                          = 2122317824                             {manageable} {ergonomic}
     bool UseCompressedClassPointers               = true                           {product lp64_product} {ergonomic}
     bool UseCompressedOops                        = true                           {product lp64_product} {ergonomic}
     bool UseG1GC                                  = true                                      {product} {ergonomic}
     bool UseLargePagesIndividualAllocation        = false                                  {pd product} {ergonomic}

Logging:
Log output configuration:
 #0: stdout all=warning uptime,level,tags
 #1: stderr all=off uptime,level,tags

Environment Variables:
JAVA_HOME=C:\Program Files\Java\jdk1.8.0_301
PATH=C:/Users/rahul.chadha/.p2/pool/plugins/org.eclipse.justj.openjdk.hotspot.jre.full.win32.x86_64_17.0.0.v20211012-1059/jre/bin/server;C:/Users/rahul.chadha/.p2/pool/plugins/org.eclipse.justj.openjdk.hotspot.jre.full.win32.x86_64_17.0.0.v20211012-1059/jre/bin;C:\Program Files (x86)\Common Files\Oracle\Java\javapath;C:\Windows\system32;C:\Windows;C:\Windows\System32\Wbem;C:\Windows\System32\WindowsPowerShell\v1.0\;C:\Windows\System32\OpenSSH\;C:\Program Files\Amazon\cfn-bootstrap\;C:\gene\java\bin\;C:\Users\rahul.chadha\Desktop\Softwares\apache-maven-3.8.3-bin\apache-maven-3.8.3\bin;C:\Program Files\Git\cmd;C:\Program Files\Java\jdk1.8.0_301\bin;C:\Program Files\Java\jre1.8.0_301\bin;C:\Users\rahul.chadha\AppData\Local\Microsoft\WindowsApps;C:\Users\rahul.chadha\Desktop;
USERNAME=rahul.chadha
OS=Windows_NT
PROCESSOR_IDENTIFIER=Intel64 Family 6 Model 85 Stepping 4, GenuineIntel



---------------  S Y S T E M  ---------------

OS:
 Windows Server 2019 , 64 bit Build 17763 (10.0.17763.1158)
OS uptime: 80 days 23:12 hours
KVM virtualization detected

CPU: total 2 (initial active 2) (1 cores per cpu, 2 threads per core) family 6 model 85 stepping 4 microcode 0x2000069, cx8, cmov, fxsr, ht, mmx, 3dnowpref, sse, sse2, sse3, ssse3, sse4.1, sse4.2, popcnt, lzcnt, tsc, tscinvbit, avx, avx2, aes, erms, clmul, bmi1, bmi2, rtm, adx, fma, vzeroupper, clflush, clflushopt, clwb, hv

Memory: 4k page, system-wide physical 8089M (651M free)
TotalPageFile size 15769M (AvailPageFile size 87M)
current process WorkingSet (physical memory assigned to process): 10M, peak: 10M
current process commit charge ("private bytes"): 47M, peak: 175M

vm_info: OpenJDK 64-Bit Server VM (17+35) for windows-amd64 JRE (17+35), built on Sep 14 2021 17:27:39 by "" with MS VC++ 16.7 (VS2019)

END.
